<?xml version="1.0" encoding="UTF-8"?>
<robot generator="Robot 6.1 (Python 3.9.0 on win32)" generated="20230728 15:43:51.613" rpa="false" schemaversion="4">
<suite id="s1" name="AppName" source="C:\Users\158421\OneDrive - Arrow Electronics, Inc\Desktop\Robot_DemoQA\Automation_DemoQA\AppName">
<suite id="s1-s1" name="Module BookStore" source="C:\Users\158421\OneDrive - Arrow Electronics, Inc\Desktop\Robot_DemoQA\Automation_DemoQA\AppName\Module_BookStore">
<suite id="s1-s1-s1" name="Testcase Bookstore" source="C:\Users\158421\OneDrive - Arrow Electronics, Inc\Desktop\Robot_DemoQA\Automation_DemoQA\AppName\Module_BookStore\testcase_bookstore.robot">
<kw name="Open the Browser" library="testcase_common_keywords" type="SETUP">
<kw name="Open Browser" library="SeleniumLibrary">
<arg>${Url}</arg>
<arg>${Browser}</arg>
<doc>Opens a new browser instance to the optional ``url``.</doc>
<msg timestamp="20230728 15:43:51.801" level="INFO">Opening browser 'Chrome' to base url 'https://demoqa.com/'.</msg>
<status status="PASS" starttime="20230728 15:43:51.801" endtime="20230728 15:43:58.377"/>
</kw>
<kw name="Maximize Browser Window" library="SeleniumLibrary">
<doc>Maximizes current browser window.</doc>
<status status="PASS" starttime="20230728 15:43:58.377" endtime="20230728 15:43:58.487"/>
</kw>
<kw name="Click Element" library="SeleniumLibrary">
<arg>Css:${BookCard}</arg>
<doc>Click the element identified by ``locator``.</doc>
<msg timestamp="20230728 15:43:58.488" level="INFO">Clicking element 'Css:div[class="category-cards"] div:nth-child(6)'.</msg>
<status status="PASS" starttime="20230728 15:43:58.487" endtime="20230728 15:43:58.584"/>
</kw>
<kw name="Sleep" library="BuiltIn">
<arg>2 Seconds</arg>
<doc>Pauses the test executed for the given time.</doc>
<msg timestamp="20230728 15:44:00.593" level="INFO">Slept 2 seconds</msg>
<status status="PASS" starttime="20230728 15:43:58.584" endtime="20230728 15:44:00.593"/>
</kw>
<kw name="Execute Javascript" library="SeleniumLibrary">
<arg>window.scrollTo(0, document.body.scrollHeight)</arg>
<doc>Executes the given JavaScript code with possible arguments.</doc>
<msg timestamp="20230728 15:44:00.594" level="INFO">Executing JavaScript:
window.scrollTo(0, document.body.scrollHeight)
Without any arguments.</msg>
<status status="PASS" starttime="20230728 15:44:00.593" endtime="20230728 15:44:00.604"/>
</kw>
<status status="PASS" starttime="20230728 15:43:51.801" endtime="20230728 15:44:00.604"/>
</kw>
<test id="s1-s1-s1-t1" name="Verify Book Store Page When User Is Not Logged In" line="10">
<kw name="Set Selenium Speed" library="SeleniumLibrary">
<arg>1 Seconds</arg>
<doc>Sets the delay that is waited after each Selenium command.</doc>
<status status="PASS" starttime="20230728 15:44:00.606" endtime="20230728 15:44:00.606"/>
</kw>
<kw name="Element Should Be Visible" library="SeleniumLibrary">
<arg>xpath:${LoginButton}</arg>
<doc>Verifies that the element identified by ``locator`` is visible.</doc>
<msg timestamp="20230728 15:44:02.664" level="INFO">Element 'xpath://button[@id='login']' is displayed.</msg>
<status status="PASS" starttime="20230728 15:44:00.607" endtime="20230728 15:44:02.664"/>
</kw>
<kw name="Log To Console" library="BuiltIn">
<arg>Verification of User is not logged in on the Book Store Page</arg>
<doc>Logs the given message to the console.</doc>
<status status="PASS" starttime="20230728 15:44:02.666" endtime="20230728 15:44:02.666"/>
</kw>
<status status="PASS" starttime="20230728 15:44:00.604" endtime="20230728 15:44:02.667"/>
</test>
<test id="s1-s1-s1-t2" name="Verification Of Redirection To Login Page And Back To Book Store Page" line="15">
<kw name="Set Selenium Speed" library="SeleniumLibrary">
<arg>1 Seconds</arg>
<doc>Sets the delay that is waited after each Selenium command.</doc>
<status status="PASS" starttime="20230728 15:44:02.670" endtime="20230728 15:44:02.670"/>
</kw>
<kw name="Click Element" library="SeleniumLibrary">
<arg>xpath:${LoginButton}</arg>
<doc>Click the element identified by ``locator``.</doc>
<msg timestamp="20230728 15:44:02.671" level="INFO">Clicking element 'xpath://button[@id='login']'.</msg>
<status status="PASS" starttime="20230728 15:44:02.670" endtime="20230728 15:44:04.760"/>
</kw>
<kw name="Sleep" library="BuiltIn">
<arg>1 Seconds</arg>
<doc>Pauses the test executed for the given time.</doc>
<msg timestamp="20230728 15:44:05.771" level="INFO">Slept 1 second</msg>
<status status="PASS" starttime="20230728 15:44:04.760" endtime="20230728 15:44:05.771"/>
</kw>
<kw name="Get Location" library="SeleniumLibrary">
<var>${LoginUrl1}</var>
<doc>Returns the current browser window URL.</doc>
<msg timestamp="20230728 15:44:06.790" level="INFO">${LoginUrl1} = https://demoqa.com/login</msg>
<status status="PASS" starttime="20230728 15:44:05.772" endtime="20230728 15:44:06.790"/>
</kw>
<kw name="Should Be True" library="BuiltIn">
<arg>'${LoginURL}' == '${LoginUrl1}'</arg>
<doc>Fails if the given condition is not true.</doc>
<status status="PASS" starttime="20230728 15:44:06.791" endtime="20230728 15:44:06.792"/>
</kw>
<kw name="Log To Console" library="BuiltIn">
<arg>Verification of redirection to login page is successfull</arg>
<doc>Logs the given message to the console.</doc>
<status status="PASS" starttime="20230728 15:44:06.792" endtime="20230728 15:44:06.793"/>
</kw>
<kw name="Execute Javascript" library="SeleniumLibrary">
<arg>window.scrollTo(0, document.body.scrollHeight)</arg>
<doc>Executes the given JavaScript code with possible arguments.</doc>
<msg timestamp="20230728 15:44:06.795" level="INFO">Executing JavaScript:
window.scrollTo(0, document.body.scrollHeight)
Without any arguments.</msg>
<status status="PASS" starttime="20230728 15:44:06.793" endtime="20230728 15:44:07.812"/>
</kw>
<kw name="Input Text" library="SeleniumLibrary">
<arg>Id:${Username}</arg>
<arg>kh1</arg>
<doc>Types the given ``text`` into the text field identified by ``locator``.</doc>
<msg timestamp="20230728 15:44:07.814" level="INFO">Typing text 'kh1' into text field 'Id:userName'.</msg>
<status status="PASS" starttime="20230728 15:44:07.813" endtime="20230728 15:44:10.915"/>
</kw>
<kw name="Input Password" library="SeleniumLibrary">
<arg>Id:${Password}</arg>
<arg>Khushi@1!</arg>
<doc>Types the given password into the text field identified by ``locator``.</doc>
<msg timestamp="20230728 15:44:10.916" level="INFO">Typing password into text field 'Id:password'.</msg>
<msg timestamp="20230728 15:44:12.963" level="INFO">Temporally setting log level to: NONE</msg>
<msg timestamp="20230728 15:44:14.031" level="INFO">Log level changed from NONE to INFO.</msg>
<status status="PASS" starttime="20230728 15:44:10.916" endtime="20230728 15:44:14.031"/>
</kw>
<kw name="Click Element" library="SeleniumLibrary">
<arg>xpath:${LoginButton}</arg>
<doc>Click the element identified by ``locator``.</doc>
<msg timestamp="20230728 15:44:14.033" level="INFO">Clicking element 'xpath://button[@id='login']'.</msg>
<status status="PASS" starttime="20230728 15:44:14.032" endtime="20230728 15:44:16.107"/>
</kw>
<kw name="Sleep" library="BuiltIn">
<arg>2 Seconds</arg>
<doc>Pauses the test executed for the given time.</doc>
<msg timestamp="20230728 15:44:18.118" level="INFO">Slept 2 seconds</msg>
<status status="PASS" starttime="20230728 15:44:16.108" endtime="20230728 15:44:18.118"/>
</kw>
<kw name="Get Location" library="SeleniumLibrary">
<var>${BookStoreUrl1}</var>
<doc>Returns the current browser window URL.</doc>
<msg timestamp="20230728 15:44:19.142" level="INFO">${BookStoreUrl1} = https://demoqa.com/books</msg>
<status status="PASS" starttime="20230728 15:44:18.121" endtime="20230728 15:44:19.142"/>
</kw>
<kw name="Should Be True" library="BuiltIn">
<arg>'${BookStoreUrl}' == '${BookStoreUrl1}'</arg>
<doc>Fails if the given condition is not true.</doc>
<status status="PASS" starttime="20230728 15:44:19.144" endtime="20230728 15:44:19.145"/>
</kw>
<kw name="Log To Console" library="BuiltIn">
<arg>Verification of back to book store page is successfull</arg>
<doc>Logs the given message to the console.</doc>
<status status="PASS" starttime="20230728 15:44:19.146" endtime="20230728 15:44:19.148"/>
</kw>
<status status="PASS" starttime="20230728 15:44:02.669" endtime="20230728 15:44:19.149"/>
</test>
<test id="s1-s1-s1-t3" name="Verify Book Store Page When User Is Logged In And Get Logged Out" line="31">
<kw name="Set Selenium Speed" library="SeleniumLibrary">
<arg>1 Seconds</arg>
<doc>Sets the delay that is waited after each Selenium command.</doc>
<status status="PASS" starttime="20230728 15:44:19.152" endtime="20230728 15:44:19.152"/>
</kw>
<kw name="Wait Until Element Is Visible" library="SeleniumLibrary">
<arg>xpath:${LogoutButton}</arg>
<doc>Waits until the element ``locator`` is visible.</doc>
<status status="PASS" starttime="20230728 15:44:19.153" endtime="20230728 15:44:21.198"/>
</kw>
<kw name="Log To Console" library="BuiltIn">
<arg>Verification of user is already logged in is successful</arg>
<doc>Logs the given message to the console.</doc>
<status status="PASS" starttime="20230728 15:44:21.199" endtime="20230728 15:44:21.201"/>
</kw>
<kw name="Click Element" library="SeleniumLibrary">
<arg>xpath:${LogoutButton}</arg>
<doc>Click the element identified by ``locator``.</doc>
<msg timestamp="20230728 15:44:21.203" level="INFO">Clicking element 'xpath://button[text()='Log out']'.</msg>
<status status="PASS" starttime="20230728 15:44:21.202" endtime="20230728 15:44:23.271"/>
</kw>
<kw name="Go To" library="SeleniumLibrary">
<arg>${BookStoreUrl}</arg>
<doc>Navigates the current browser window to the provided ``url``.</doc>
<msg timestamp="20230728 15:44:23.272" level="INFO">Opening url 'https://demoqa.com/books'</msg>
<status status="PASS" starttime="20230728 15:44:23.272" endtime="20230728 15:44:25.738"/>
</kw>
<kw name="Wait Until Element Is Visible" library="SeleniumLibrary">
<arg>xpath:${LoginButton}</arg>
<doc>Waits until the element ``locator`` is visible.</doc>
<status status="PASS" starttime="20230728 15:44:25.739" endtime="20230728 15:44:27.794"/>
</kw>
<kw name="Log To Console" library="BuiltIn">
<arg>Verification of user is successfully logged out</arg>
<doc>Logs the given message to the console.</doc>
<status status="PASS" starttime="20230728 15:44:27.795" endtime="20230728 15:44:27.796"/>
</kw>
<kw name="Click Element" library="SeleniumLibrary">
<arg>xpath:${LoginButton}</arg>
<doc>Click the element identified by ``locator``.</doc>
<msg timestamp="20230728 15:44:27.798" level="INFO">Clicking element 'xpath://button[@id='login']'.</msg>
<status status="PASS" starttime="20230728 15:44:27.797" endtime="20230728 15:44:29.873"/>
</kw>
<kw name="Execute Javascript" library="SeleniumLibrary">
<arg>window.scrollTo(0, document.body.scrollHeight)</arg>
<doc>Executes the given JavaScript code with possible arguments.</doc>
<msg timestamp="20230728 15:44:29.875" level="INFO">Executing JavaScript:
window.scrollTo(0, document.body.scrollHeight)
Without any arguments.</msg>
<status status="PASS" starttime="20230728 15:44:29.873" endtime="20230728 15:44:30.883"/>
</kw>
<kw name="Input Text" library="SeleniumLibrary">
<arg>Id:${Username}</arg>
<arg>kh1</arg>
<doc>Types the given ``text`` into the text field identified by ``locator``.</doc>
<msg timestamp="20230728 15:44:30.885" level="INFO">Typing text 'kh1' into text field 'Id:userName'.</msg>
<status status="PASS" starttime="20230728 15:44:30.883" endtime="20230728 15:44:34.007"/>
</kw>
<kw name="Input Password" library="SeleniumLibrary">
<arg>Id:${Password}</arg>
<arg>Khushi@1!</arg>
<doc>Types the given password into the text field identified by ``locator``.</doc>
<msg timestamp="20230728 15:44:34.009" level="INFO">Typing password into text field 'Id:password'.</msg>
<msg timestamp="20230728 15:44:36.055" level="INFO">Temporally setting log level to: NONE</msg>
<msg timestamp="20230728 15:44:37.115" level="INFO">Log level changed from NONE to INFO.</msg>
<status status="PASS" starttime="20230728 15:44:34.008" endtime="20230728 15:44:37.116"/>
</kw>
<kw name="Click Element" library="SeleniumLibrary">
<arg>xpath:${LoginButton}</arg>
<doc>Click the element identified by ``locator``.</doc>
<msg timestamp="20230728 15:44:37.118" level="INFO">Clicking element 'xpath://button[@id='login']'.</msg>
<status status="PASS" starttime="20230728 15:44:37.117" endtime="20230728 15:44:39.196"/>
</kw>
<kw name="Go To" library="SeleniumLibrary">
<arg>${BookStoreUrl}</arg>
<doc>Navigates the current browser window to the provided ``url``.</doc>
<msg timestamp="20230728 15:44:39.198" level="INFO">Opening url 'https://demoqa.com/books'</msg>
<status status="PASS" starttime="20230728 15:44:39.196" endtime="20230728 15:44:41.382"/>
</kw>
<status status="PASS" starttime="20230728 15:44:19.151" endtime="20230728 15:44:41.383"/>
</test>
<test id="s1-s1-s1-t4" name="Verify Whether The Books Are Getting Sort" line="46">
<kw name="Set Selenium Speed" library="SeleniumLibrary">
<arg>1 Seconds</arg>
<doc>Sets the delay that is waited after each Selenium command.</doc>
<status status="PASS" starttime="20230728 15:44:41.386" endtime="20230728 15:44:41.387"/>
</kw>
<kw name="Get WebElements" library="SeleniumLibrary">
<var>${SortedList}</var>
<arg>xpath:${AuthorList}</arg>
<doc>Returns a list of WebElement objects matching the ``locator``.</doc>
<msg timestamp="20230728 15:44:42.422" level="INFO">${SortedList} = [&lt;selenium.webdriver.remote.webelement.WebElement (session="0bce107a3ad207fd7a2b65a74c54af41", element="B1E27E8F6080C3C80A5F209D45545C2D_element_122")&gt;, &lt;selenium.webdriver.remote.webelement.WebElemen...</msg>
<status status="PASS" starttime="20230728 15:44:41.388" endtime="20230728 15:44:42.422"/>
</kw>
<kw name="Create List" library="BuiltIn">
<var>${SortList}</var>
<doc>Returns a list containing given items.</doc>
<msg timestamp="20230728 15:44:42.424" level="INFO">${SortList} = []</msg>
<status status="PASS" starttime="20230728 15:44:42.423" endtime="20230728 15:44:42.424"/>
</kw>
<for flavor="IN">
<var>${Item1}</var>
<value>@{SortedList}</value>
<iter>
<var name="${Item1}">&lt;selenium.webdriver.remote.webelement.WebElement (session="0bce107a3ad207fd7a2b65a74c54af41", element="B1E27E8F6080C3C80A5F209D45545C2D_element_122")&gt;</var>
<kw name="Log To Console" library="BuiltIn">
<arg>Item:${Item1.text}</arg>
<doc>Logs the given message to the console.</doc>
<status status="PASS" starttime="20230728 15:44:42.425" endtime="20230728 15:44:43.451"/>
</kw>
<kw name="Append To List" library="Collections">
<arg>${Sortlist}</arg>
<arg>${Item1.text}</arg>
<doc>Adds ``values`` to the end of ``list``.</doc>
<status status="PASS" starttime="20230728 15:44:43.451" endtime="20230728 15:44:44.475"/>
</kw>
<status status="PASS" starttime="20230728 15:44:42.425" endtime="20230728 15:44:44.475"/>
</iter>
<iter>
<var name="${Item1}">&lt;selenium.webdriver.remote.webelement.WebElement (session="0bce107a3ad207fd7a2b65a74c54af41", element="B1E27E8F6080C3C80A5F209D45545C2D_element_123")&gt;</var>
<kw name="Log To Console" library="BuiltIn">
<arg>Item:${Item1.text}</arg>
<doc>Logs the given message to the console.</doc>
<status status="PASS" starttime="20230728 15:44:44.476" endtime="20230728 15:44:45.500"/>
</kw>
<kw name="Append To List" library="Collections">
<arg>${Sortlist}</arg>
<arg>${Item1.text}</arg>
<doc>Adds ``values`` to the end of ``list``.</doc>
<status status="PASS" starttime="20230728 15:44:45.500" endtime="20230728 15:44:46.529"/>
</kw>
<status status="PASS" starttime="20230728 15:44:44.475" endtime="20230728 15:44:46.529"/>
</iter>
<iter>
<var name="${Item1}">&lt;selenium.webdriver.remote.webelement.WebElement (session="0bce107a3ad207fd7a2b65a74c54af41", element="B1E27E8F6080C3C80A5F209D45545C2D_element_124")&gt;</var>
<kw name="Log To Console" library="BuiltIn">
<arg>Item:${Item1.text}</arg>
<doc>Logs the given message to the console.</doc>
<status status="PASS" starttime="20230728 15:44:46.530" endtime="20230728 15:44:47.543"/>
</kw>
<kw name="Append To List" library="Collections">
<arg>${Sortlist}</arg>
<arg>${Item1.text}</arg>
<doc>Adds ``values`` to the end of ``list``.</doc>
<status status="PASS" starttime="20230728 15:44:47.543" endtime="20230728 15:44:48.575"/>
</kw>
<status status="PASS" starttime="20230728 15:44:46.530" endtime="20230728 15:44:48.575"/>
</iter>
<iter>
<var name="${Item1}">&lt;selenium.webdriver.remote.webelement.WebElement (session="0bce107a3ad207fd7a2b65a74c54af41", element="B1E27E8F6080C3C80A5F209D45545C2D_element_125")&gt;</var>
<kw name="Log To Console" library="BuiltIn">
<arg>Item:${Item1.text}</arg>
<doc>Logs the given message to the console.</doc>
<status status="PASS" starttime="20230728 15:44:48.576" endtime="20230728 15:44:49.587"/>
</kw>
<kw name="Append To List" library="Collections">
<arg>${Sortlist}</arg>
<arg>${Item1.text}</arg>
<doc>Adds ``values`` to the end of ``list``.</doc>
<status status="PASS" starttime="20230728 15:44:49.587" endtime="20230728 15:44:50.609"/>
</kw>
<status status="PASS" starttime="20230728 15:44:48.575" endtime="20230728 15:44:50.609"/>
</iter>
<iter>
<var name="${Item1}">&lt;selenium.webdriver.remote.webelement.WebElement (session="0bce107a3ad207fd7a2b65a74c54af41", element="B1E27E8F6080C3C80A5F209D45545C2D_element_126")&gt;</var>
<kw name="Log To Console" library="BuiltIn">
<arg>Item:${Item1.text}</arg>
<doc>Logs the given message to the console.</doc>
<status status="PASS" starttime="20230728 15:44:50.611" endtime="20230728 15:44:51.634"/>
</kw>
<kw name="Append To List" library="Collections">
<arg>${Sortlist}</arg>
<arg>${Item1.text}</arg>
<doc>Adds ``values`` to the end of ``list``.</doc>
<status status="PASS" starttime="20230728 15:44:51.634" endtime="20230728 15:44:52.663"/>
</kw>
<status status="PASS" starttime="20230728 15:44:50.609" endtime="20230728 15:44:52.663"/>
</iter>
<iter>
<var name="${Item1}">&lt;selenium.webdriver.remote.webelement.WebElement (session="0bce107a3ad207fd7a2b65a74c54af41", element="B1E27E8F6080C3C80A5F209D45545C2D_element_127")&gt;</var>
<kw name="Log To Console" library="BuiltIn">
<arg>Item:${Item1.text}</arg>
<doc>Logs the given message to the console.</doc>
<status status="PASS" starttime="20230728 15:44:52.663" endtime="20230728 15:44:53.674"/>
</kw>
<kw name="Append To List" library="Collections">
<arg>${Sortlist}</arg>
<arg>${Item1.text}</arg>
<doc>Adds ``values`` to the end of ``list``.</doc>
<status status="PASS" starttime="20230728 15:44:53.674" endtime="20230728 15:44:54.708"/>
</kw>
<status status="PASS" starttime="20230728 15:44:52.663" endtime="20230728 15:44:54.708"/>
</iter>
<iter>
<var name="${Item1}">&lt;selenium.webdriver.remote.webelement.WebElement (session="0bce107a3ad207fd7a2b65a74c54af41", element="B1E27E8F6080C3C80A5F209D45545C2D_element_128")&gt;</var>
<kw name="Log To Console" library="BuiltIn">
<arg>Item:${Item1.text}</arg>
<doc>Logs the given message to the console.</doc>
<status status="PASS" starttime="20230728 15:44:54.710" endtime="20230728 15:44:55.732"/>
</kw>
<kw name="Append To List" library="Collections">
<arg>${Sortlist}</arg>
<arg>${Item1.text}</arg>
<doc>Adds ``values`` to the end of ``list``.</doc>
<status status="PASS" starttime="20230728 15:44:55.732" endtime="20230728 15:44:56.762"/>
</kw>
<status status="PASS" starttime="20230728 15:44:54.708" endtime="20230728 15:44:56.762"/>
</iter>
<iter>
<var name="${Item1}">&lt;selenium.webdriver.remote.webelement.WebElement (session="0bce107a3ad207fd7a2b65a74c54af41", element="B1E27E8F6080C3C80A5F209D45545C2D_element_129")&gt;</var>
<kw name="Log To Console" library="BuiltIn">
<arg>Item:${Item1.text}</arg>
<doc>Logs the given message to the console.</doc>
<status status="PASS" starttime="20230728 15:44:56.762" endtime="20230728 15:44:57.789"/>
</kw>
<kw name="Append To List" library="Collections">
<arg>${Sortlist}</arg>
<arg>${Item1.text}</arg>
<doc>Adds ``values`` to the end of ``list``.</doc>
<status status="PASS" starttime="20230728 15:44:57.789" endtime="20230728 15:44:58.813"/>
</kw>
<status status="PASS" starttime="20230728 15:44:56.762" endtime="20230728 15:44:58.813"/>
</iter>
<iter>
<var name="${Item1}">&lt;selenium.webdriver.remote.webelement.WebElement (session="0bce107a3ad207fd7a2b65a74c54af41", element="B1E27E8F6080C3C80A5F209D45545C2D_element_130")&gt;</var>
<kw name="Log To Console" library="BuiltIn">
<arg>Item:${Item1.text}</arg>
<doc>Logs the given message to the console.</doc>
<status status="PASS" starttime="20230728 15:44:58.814" endtime="20230728 15:44:59.839"/>
</kw>
<kw name="Append To List" library="Collections">
<arg>${Sortlist}</arg>
<arg>${Item1.text}</arg>
<doc>Adds ``values`` to the end of ``list``.</doc>
<status status="PASS" starttime="20230728 15:44:59.840" endtime="20230728 15:45:00.863"/>
</kw>
<status status="PASS" starttime="20230728 15:44:58.814" endtime="20230728 15:45:00.863"/>
</iter>
<iter>
<var name="${Item1}">&lt;selenium.webdriver.remote.webelement.WebElement (session="0bce107a3ad207fd7a2b65a74c54af41", element="B1E27E8F6080C3C80A5F209D45545C2D_element_131")&gt;</var>
<kw name="Log To Console" library="BuiltIn">
<arg>Item:${Item1.text}</arg>
<doc>Logs the given message to the console.</doc>
<status status="PASS" starttime="20230728 15:45:00.864" endtime="20230728 15:45:01.890"/>
</kw>
<kw name="Append To List" library="Collections">
<arg>${Sortlist}</arg>
<arg>${Item1.text}</arg>
<doc>Adds ``values`` to the end of ``list``.</doc>
<status status="PASS" starttime="20230728 15:45:01.890" endtime="20230728 15:45:02.910"/>
</kw>
<status status="PASS" starttime="20230728 15:45:00.864" endtime="20230728 15:45:02.910"/>
</iter>
<status status="PASS" starttime="20230728 15:44:42.425" endtime="20230728 15:45:02.910"/>
</for>
<kw name="Log To Console" library="BuiltIn">
<arg>list2:${SortList}</arg>
<doc>Logs the given message to the console.</doc>
<status status="PASS" starttime="20230728 15:45:02.911" endtime="20230728 15:45:02.913"/>
</kw>
<kw name="Sort List" library="Collections">
<arg>${SortList}</arg>
<doc>Sorts the given list in place.</doc>
<status status="PASS" starttime="20230728 15:45:02.913" endtime="20230728 15:45:02.913"/>
</kw>
<kw name="Log To Console" library="BuiltIn">
<arg>Sortedlist2:${SortList}</arg>
<doc>Logs the given message to the console.</doc>
<status status="PASS" starttime="20230728 15:45:02.914" endtime="20230728 15:45:02.915"/>
</kw>
<kw name="Click Element" library="SeleniumLibrary">
<arg>xpath:${Author}</arg>
<doc>Click the element identified by ``locator``.</doc>
<msg timestamp="20230728 15:45:02.916" level="INFO">Clicking element 'xpath://div[contains(text(),'Author')]'.</msg>
<status status="PASS" starttime="20230728 15:45:02.915" endtime="20230728 15:45:04.981"/>
</kw>
<kw name="Create List" library="BuiltIn">
<var>${ColumnList}</var>
<doc>Returns a list containing given items.</doc>
<msg timestamp="20230728 15:45:04.983" level="INFO">${ColumnList} = []</msg>
<status status="PASS" starttime="20230728 15:45:04.982" endtime="20230728 15:45:04.983"/>
</kw>
<kw name="Get WebElements" library="SeleniumLibrary">
<var>${NameList}</var>
<arg>xpath:${AuthorList}</arg>
<doc>Returns a list of WebElement objects matching the ``locator``.</doc>
<msg timestamp="20230728 15:45:06.021" level="INFO">${NameList} = [&lt;selenium.webdriver.remote.webelement.WebElement (session="0bce107a3ad207fd7a2b65a74c54af41", element="B1E27E8F6080C3C80A5F209D45545C2D_element_122")&gt;, &lt;selenium.webdriver.remote.webelement.WebElemen...</msg>
<status status="PASS" starttime="20230728 15:45:04.985" endtime="20230728 15:45:06.021"/>
</kw>
<for flavor="IN">
<var>${Item}</var>
<value>@{NameList}</value>
<iter>
<var name="${Item}">&lt;selenium.webdriver.remote.webelement.WebElement (session="0bce107a3ad207fd7a2b65a74c54af41", element="B1E27E8F6080C3C80A5F209D45545C2D_element_122")&gt;</var>
<kw name="Append To List" library="Collections">
<arg>${ColumnList}</arg>
<arg>${Item.text}</arg>
<doc>Adds ``values`` to the end of ``list``.</doc>
<status status="PASS" starttime="20230728 15:45:06.023" endtime="20230728 15:45:07.047"/>
</kw>
<status status="PASS" starttime="20230728 15:45:06.022" endtime="20230728 15:45:07.047"/>
</iter>
<iter>
<var name="${Item}">&lt;selenium.webdriver.remote.webelement.WebElement (session="0bce107a3ad207fd7a2b65a74c54af41", element="B1E27E8F6080C3C80A5F209D45545C2D_element_123")&gt;</var>
<kw name="Append To List" library="Collections">
<arg>${ColumnList}</arg>
<arg>${Item.text}</arg>
<doc>Adds ``values`` to the end of ``list``.</doc>
<status status="PASS" starttime="20230728 15:45:07.048" endtime="20230728 15:45:08.072"/>
</kw>
<status status="PASS" starttime="20230728 15:45:07.047" endtime="20230728 15:45:08.072"/>
</iter>
<iter>
<var name="${Item}">&lt;selenium.webdriver.remote.webelement.WebElement (session="0bce107a3ad207fd7a2b65a74c54af41", element="B1E27E8F6080C3C80A5F209D45545C2D_element_124")&gt;</var>
<kw name="Append To List" library="Collections">
<arg>${ColumnList}</arg>
<arg>${Item.text}</arg>
<doc>Adds ``values`` to the end of ``list``.</doc>
<status status="PASS" starttime="20230728 15:45:08.073" endtime="20230728 15:45:09.099"/>
</kw>
<status status="PASS" starttime="20230728 15:45:08.072" endtime="20230728 15:45:09.099"/>
</iter>
<iter>
<var name="${Item}">&lt;selenium.webdriver.remote.webelement.WebElement (session="0bce107a3ad207fd7a2b65a74c54af41", element="B1E27E8F6080C3C80A5F209D45545C2D_element_125")&gt;</var>
<kw name="Append To List" library="Collections">
<arg>${ColumnList}</arg>
<arg>${Item.text}</arg>
<doc>Adds ``values`` to the end of ``list``.</doc>
<status status="PASS" starttime="20230728 15:45:09.100" endtime="20230728 15:45:10.126"/>
</kw>
<status status="PASS" starttime="20230728 15:45:09.099" endtime="20230728 15:45:10.126"/>
</iter>
<iter>
<var name="${Item}">&lt;selenium.webdriver.remote.webelement.WebElement (session="0bce107a3ad207fd7a2b65a74c54af41", element="B1E27E8F6080C3C80A5F209D45545C2D_element_126")&gt;</var>
<kw name="Append To List" library="Collections">
<arg>${ColumnList}</arg>
<arg>${Item.text}</arg>
<doc>Adds ``values`` to the end of ``list``.</doc>
<status status="PASS" starttime="20230728 15:45:10.127" endtime="20230728 15:45:11.154"/>
</kw>
<status status="PASS" starttime="20230728 15:45:10.126" endtime="20230728 15:45:11.154"/>
</iter>
<iter>
<var name="${Item}">&lt;selenium.webdriver.remote.webelement.WebElement (session="0bce107a3ad207fd7a2b65a74c54af41", element="B1E27E8F6080C3C80A5F209D45545C2D_element_127")&gt;</var>
<kw name="Append To List" library="Collections">
<arg>${ColumnList}</arg>
<arg>${Item.text}</arg>
<doc>Adds ``values`` to the end of ``list``.</doc>
<status status="PASS" starttime="20230728 15:45:11.155" endtime="20230728 15:45:12.200"/>
</kw>
<status status="PASS" starttime="20230728 15:45:11.155" endtime="20230728 15:45:12.200"/>
</iter>
<iter>
<var name="${Item}">&lt;selenium.webdriver.remote.webelement.WebElement (session="0bce107a3ad207fd7a2b65a74c54af41", element="B1E27E8F6080C3C80A5F209D45545C2D_element_128")&gt;</var>
<kw name="Append To List" library="Collections">
<arg>${ColumnList}</arg>
<arg>${Item.text}</arg>
<doc>Adds ``values`` to the end of ``list``.</doc>
<status status="PASS" starttime="20230728 15:45:12.201" endtime="20230728 15:45:13.232"/>
</kw>
<status status="PASS" starttime="20230728 15:45:12.200" endtime="20230728 15:45:13.232"/>
</iter>
<iter>
<var name="${Item}">&lt;selenium.webdriver.remote.webelement.WebElement (session="0bce107a3ad207fd7a2b65a74c54af41", element="B1E27E8F6080C3C80A5F209D45545C2D_element_129")&gt;</var>
<kw name="Append To List" library="Collections">
<arg>${ColumnList}</arg>
<arg>${Item.text}</arg>
<doc>Adds ``values`` to the end of ``list``.</doc>
<status status="PASS" starttime="20230728 15:45:13.233" endtime="20230728 15:45:14.257"/>
</kw>
<status status="PASS" starttime="20230728 15:45:13.232" endtime="20230728 15:45:14.258"/>
</iter>
<iter>
<var name="${Item}">&lt;selenium.webdriver.remote.webelement.WebElement (session="0bce107a3ad207fd7a2b65a74c54af41", element="B1E27E8F6080C3C80A5F209D45545C2D_element_130")&gt;</var>
<kw name="Append To List" library="Collections">
<arg>${ColumnList}</arg>
<arg>${Item.text}</arg>
<doc>Adds ``values`` to the end of ``list``.</doc>
<status status="PASS" starttime="20230728 15:45:14.259" endtime="20230728 15:45:15.282"/>
</kw>
<status status="PASS" starttime="20230728 15:45:14.258" endtime="20230728 15:45:15.282"/>
</iter>
<iter>
<var name="${Item}">&lt;selenium.webdriver.remote.webelement.WebElement (session="0bce107a3ad207fd7a2b65a74c54af41", element="B1E27E8F6080C3C80A5F209D45545C2D_element_131")&gt;</var>
<kw name="Append To List" library="Collections">
<arg>${ColumnList}</arg>
<arg>${Item.text}</arg>
<doc>Adds ``values`` to the end of ``list``.</doc>
<status status="PASS" starttime="20230728 15:45:15.282" endtime="20230728 15:45:16.304"/>
</kw>
<status status="PASS" starttime="20230728 15:45:15.282" endtime="20230728 15:45:16.304"/>
</iter>
<status status="PASS" starttime="20230728 15:45:06.022" endtime="20230728 15:45:16.304"/>
</for>
<kw name="Log To Console" library="BuiltIn">
<arg>${ColumnList}</arg>
<doc>Logs the given message to the console.</doc>
<status status="PASS" starttime="20230728 15:45:16.305" endtime="20230728 15:45:16.306"/>
</kw>
<kw name="Log To Console" library="BuiltIn">
<arg>Verification of table is getting sort is successful</arg>
<doc>Logs the given message to the console.</doc>
<status status="PASS" starttime="20230728 15:45:16.306" endtime="20230728 15:45:16.307"/>
</kw>
<status status="PASS" starttime="20230728 15:44:41.385" endtime="20230728 15:45:16.307"/>
</test>
<test id="s1-s1-s1-t5" name="Verify Book Search Bar When Different Format Of Text Is Entered" line="69">
<kw name="Set Selenium Speed" library="SeleniumLibrary">
<arg>1 Seconds</arg>
<doc>Sets the delay that is waited after each Selenium command.</doc>
<status status="PASS" starttime="20230728 15:45:16.310" endtime="20230728 15:45:16.311"/>
</kw>
<kw name="Sleep" library="BuiltIn">
<arg>1 Seconds</arg>
<doc>Pauses the test executed for the given time.</doc>
<msg timestamp="20230728 15:45:17.318" level="INFO">Slept 1 second</msg>
<status status="PASS" starttime="20230728 15:45:16.311" endtime="20230728 15:45:17.318"/>
</kw>
<kw name="Create List" library="BuiltIn">
<var>${ListOfBook}</var>
<arg>Java</arg>
<arg>JAVA</arg>
<arg>JAva</arg>
<arg>Learning JavaScript Design Patterns</arg>
<doc>Returns a list containing given items.</doc>
<msg timestamp="20230728 15:45:17.320" level="INFO">${ListOfBook} = ['Java', 'JAVA', 'JAva', 'Learning JavaScript Design Patterns']</msg>
<status status="PASS" starttime="20230728 15:45:17.319" endtime="20230728 15:45:17.320"/>
</kw>
<kw name="Evaluate" library="BuiltIn">
<var>${Value}</var>
<arg>random.choice(${ListOfBook})</arg>
<arg>random</arg>
<doc>Evaluates the given expression in Python and returns the result.</doc>
<msg timestamp="20230728 15:45:17.321" level="INFO">${Value} = JAVA</msg>
<status status="PASS" starttime="20230728 15:45:17.320" endtime="20230728 15:45:17.321"/>
</kw>
<kw name="Log To Console" library="BuiltIn">
<arg>${Value}</arg>
<doc>Logs the given message to the console.</doc>
<status status="PASS" starttime="20230728 15:45:17.322" endtime="20230728 15:45:17.322"/>
</kw>
<kw name="Set Variable" library="BuiltIn">
<var>${Source}</var>
<arg>${Value}</arg>
<doc>Returns the given values which can then be assigned to a variables.</doc>
<msg timestamp="20230728 15:45:17.323" level="INFO">${Source} = JAVA</msg>
<status status="PASS" starttime="20230728 15:45:17.323" endtime="20230728 15:45:17.324"/>
</kw>
<kw name="Input Text" library="SeleniumLibrary">
<arg>xpath:${SearchBox}</arg>
<arg>${Source}</arg>
<doc>Types the given ``text`` into the text field identified by ``locator``.</doc>
<msg timestamp="20230728 15:45:17.325" level="INFO">Typing text 'JAVA' into text field 'xpath://input[@id='searchBox']'.</msg>
<status status="PASS" starttime="20230728 15:45:17.324" endtime="20230728 15:45:20.465"/>
</kw>
<kw name="Convert To Lower Case" library="String">
<var>${Source}</var>
<arg>${Source}</arg>
<doc>Converts string to lower case.</doc>
<msg timestamp="20230728 15:45:20.467" level="INFO">${Source} = java</msg>
<status status="PASS" starttime="20230728 15:45:20.466" endtime="20230728 15:45:20.467"/>
</kw>
<kw name="Sleep" library="BuiltIn">
<arg>3 Seconds</arg>
<doc>Pauses the test executed for the given time.</doc>
<msg timestamp="20230728 15:45:23.477" level="INFO">Slept 3 seconds</msg>
<status status="PASS" starttime="20230728 15:45:20.468" endtime="20230728 15:45:23.477"/>
</kw>
<kw name="Get WebElements" library="SeleniumLibrary">
<var>${BookList}</var>
<arg>${BooksLink}</arg>
<doc>Returns a list of WebElement objects matching the ``locator``.</doc>
<msg timestamp="20230728 15:45:24.501" level="INFO">${BookList} = [&lt;selenium.webdriver.remote.webelement.WebElement (session="0bce107a3ad207fd7a2b65a74c54af41", element="B1E27E8F6080C3C80A5F209D45545C2D_element_134")&gt;, &lt;selenium.webdriver.remote.webelement.WebElemen...</msg>
<status status="PASS" starttime="20230728 15:45:23.479" endtime="20230728 15:45:24.501"/>
</kw>
<for flavor="IN">
<var>${Item}</var>
<value>@{BookList}</value>
<iter>
<var name="${Item}">&lt;selenium.webdriver.remote.webelement.WebElement (session="0bce107a3ad207fd7a2b65a74c54af41", element="B1E27E8F6080C3C80A5F209D45545C2D_element_134")&gt;</var>
<kw name="Log To Console" library="BuiltIn">
<arg>Items:${Item.text}</arg>
<doc>Logs the given message to the console.</doc>
<status status="PASS" starttime="20230728 15:45:24.503" endtime="20230728 15:45:25.530"/>
</kw>
<kw name="Convert To Lower Case" library="String">
<var>${Items}</var>
<arg>${Item.text}</arg>
<doc>Converts string to lower case.</doc>
<msg timestamp="20230728 15:45:26.553" level="INFO">${Items} = learning javascript design patterns</msg>
<status status="PASS" starttime="20230728 15:45:25.530" endtime="20230728 15:45:26.553"/>
</kw>
<kw name="Should Contain" library="BuiltIn">
<arg>${Items}</arg>
<arg>${Source}</arg>
<doc>Fails if ``container`` does not contain ``item`` one or more times.</doc>
<status status="PASS" starttime="20230728 15:45:26.554" endtime="20230728 15:45:26.554"/>
</kw>
<status status="PASS" starttime="20230728 15:45:24.502" endtime="20230728 15:45:26.554"/>
</iter>
<iter>
<var name="${Item}">&lt;selenium.webdriver.remote.webelement.WebElement (session="0bce107a3ad207fd7a2b65a74c54af41", element="B1E27E8F6080C3C80A5F209D45545C2D_element_135")&gt;</var>
<kw name="Log To Console" library="BuiltIn">
<arg>Items:${Item.text}</arg>
<doc>Logs the given message to the console.</doc>
<status status="PASS" starttime="20230728 15:45:26.555" endtime="20230728 15:45:27.577"/>
</kw>
<kw name="Convert To Lower Case" library="String">
<var>${Items}</var>
<arg>${Item.text}</arg>
<doc>Converts string to lower case.</doc>
<msg timestamp="20230728 15:45:28.601" level="INFO">${Items} = speaking javascript</msg>
<status status="PASS" starttime="20230728 15:45:27.577" endtime="20230728 15:45:28.601"/>
</kw>
<kw name="Should Contain" library="BuiltIn">
<arg>${Items}</arg>
<arg>${Source}</arg>
<doc>Fails if ``container`` does not contain ``item`` one or more times.</doc>
<status status="PASS" starttime="20230728 15:45:28.601" endtime="20230728 15:45:28.601"/>
</kw>
<status status="PASS" starttime="20230728 15:45:26.555" endtime="20230728 15:45:28.601"/>
</iter>
<iter>
<var name="${Item}">&lt;selenium.webdriver.remote.webelement.WebElement (session="0bce107a3ad207fd7a2b65a74c54af41", element="B1E27E8F6080C3C80A5F209D45545C2D_element_136")&gt;</var>
<kw name="Log To Console" library="BuiltIn">
<arg>Items:${Item.text}</arg>
<doc>Logs the given message to the console.</doc>
<status status="PASS" starttime="20230728 15:45:28.603" endtime="20230728 15:45:29.629"/>
</kw>
<kw name="Convert To Lower Case" library="String">
<var>${Items}</var>
<arg>${Item.text}</arg>
<doc>Converts string to lower case.</doc>
<msg timestamp="20230728 15:45:30.655" level="INFO">${Items} = programming javascript applications</msg>
<status status="PASS" starttime="20230728 15:45:29.629" endtime="20230728 15:45:30.655"/>
</kw>
<kw name="Should Contain" library="BuiltIn">
<arg>${Items}</arg>
<arg>${Source}</arg>
<doc>Fails if ``container`` does not contain ``item`` one or more times.</doc>
<status status="PASS" starttime="20230728 15:45:30.656" endtime="20230728 15:45:30.656"/>
</kw>
<status status="PASS" starttime="20230728 15:45:28.601" endtime="20230728 15:45:30.656"/>
</iter>
<iter>
<var name="${Item}">&lt;selenium.webdriver.remote.webelement.WebElement (session="0bce107a3ad207fd7a2b65a74c54af41", element="B1E27E8F6080C3C80A5F209D45545C2D_element_137")&gt;</var>
<kw name="Log To Console" library="BuiltIn">
<arg>Items:${Item.text}</arg>
<doc>Logs the given message to the console.</doc>
<status status="PASS" starttime="20230728 15:45:30.657" endtime="20230728 15:45:31.682"/>
</kw>
<kw name="Convert To Lower Case" library="String">
<var>${Items}</var>
<arg>${Item.text}</arg>
<doc>Converts string to lower case.</doc>
<msg timestamp="20230728 15:45:32.715" level="INFO">${Items} = eloquent javascript, second edition</msg>
<status status="PASS" starttime="20230728 15:45:31.682" endtime="20230728 15:45:32.715"/>
</kw>
<kw name="Should Contain" library="BuiltIn">
<arg>${Items}</arg>
<arg>${Source}</arg>
<doc>Fails if ``container`` does not contain ``item`` one or more times.</doc>
<status status="PASS" starttime="20230728 15:45:32.715" endtime="20230728 15:45:32.715"/>
</kw>
<status status="PASS" starttime="20230728 15:45:30.656" endtime="20230728 15:45:32.715"/>
</iter>
<status status="PASS" starttime="20230728 15:45:24.502" endtime="20230728 15:45:32.716"/>
</for>
<kw name="Log To Console" library="BuiltIn">
<arg>Verification of Search basr is successful</arg>
<doc>Logs the given message to the console.</doc>
<status status="PASS" starttime="20230728 15:45:32.717" endtime="20230728 15:45:32.718"/>
</kw>
<status status="PASS" starttime="20230728 15:45:16.309" endtime="20230728 15:45:32.719"/>
</test>
<test id="s1-s1-s1-t6" name="Verification Of Pagination On Book Store Page With Differnt Input" line="87">
<kw name="Set Selenium Speed" library="SeleniumLibrary">
<arg>1 Seconds</arg>
<doc>Sets the delay that is waited after each Selenium command.</doc>
<status status="PASS" starttime="20230728 15:45:32.722" endtime="20230728 15:45:32.722"/>
</kw>
<kw name="Set Window Size" library="SeleniumLibrary">
<arg>742</arg>
<arg>522</arg>
<doc>Sets current windows size to given ``width`` and ``height``.</doc>
<status status="PASS" starttime="20230728 15:45:32.723" endtime="20230728 15:45:33.950"/>
</kw>
<kw name="Get Text" library="SeleniumLibrary">
<var>${TotalPage}</var>
<arg>xpath:${TotalPagePath}</arg>
<doc>Returns the text value of the element identified by ``locator``.</doc>
<msg timestamp="20230728 15:45:36.011" level="INFO">${TotalPage} = 1</msg>
<status status="PASS" starttime="20230728 15:45:33.951" endtime="20230728 15:45:36.011"/>
</kw>
<kw name="Create List" library="BuiltIn">
<var>${ListInput}</var>
<arg>1</arg>
<arg>0</arg>
<arg>${TotalPage}</arg>
<doc>Returns a list containing given items.</doc>
<msg timestamp="20230728 15:45:36.013" level="INFO">${ListInput} = ['1', '0', '1']</msg>
<status status="PASS" starttime="20230728 15:45:36.012" endtime="20230728 15:45:36.013"/>
</kw>
<kw name="Evaluate" library="BuiltIn">
<var>${PageInput}</var>
<arg>random.choice(${ListInput})</arg>
<arg>random</arg>
<doc>Evaluates the given expression in Python and returns the result.</doc>
<msg timestamp="20230728 15:45:36.016" level="INFO">${PageInput} = 1</msg>
<status status="PASS" starttime="20230728 15:45:36.015" endtime="20230728 15:45:36.016"/>
</kw>
<kw name="Convert To Integer" library="BuiltIn">
<arg>${TotalPage}</arg>
<doc>Converts the given item to an integer number.</doc>
<status status="PASS" starttime="20230728 15:45:36.017" endtime="20230728 15:45:36.017"/>
</kw>
<kw name="Convert To Integer" library="BuiltIn">
<arg>${PageInput}</arg>
<doc>Converts the given item to an integer number.</doc>
<status status="PASS" starttime="20230728 15:45:36.018" endtime="20230728 15:45:36.018"/>
</kw>
<kw name="Run Keyword If" library="BuiltIn">
<arg>${PageInput} &lt;= ${TotalPage} and ${PageInput} != 0</arg>
<arg>Log To Console</arg>
<arg>Entered in the loop</arg>
<doc>Runs the given keyword with the given arguments, if ``condition`` is true.</doc>
<kw name="Log To Console" library="BuiltIn">
<arg>Entered in the loop</arg>
<doc>Logs the given message to the console.</doc>
<status status="PASS" starttime="20230728 15:45:36.020" endtime="20230728 15:45:36.021"/>
</kw>
<status status="PASS" starttime="20230728 15:45:36.019" endtime="20230728 15:45:36.021"/>
</kw>
<kw name="Input Text" library="SeleniumLibrary">
<arg>xpath:${PageInputPath}</arg>
<arg>${PageInput}</arg>
<doc>Types the given ``text`` into the text field identified by ``locator``.</doc>
<msg timestamp="20230728 15:45:36.023" level="INFO">Typing text '1' into text field 'xpath://input[@aria-label="jump to page"]'.</msg>
<status status="PASS" starttime="20230728 15:45:36.022" endtime="20230728 15:45:39.145"/>
</kw>
<kw name="Press Keys" library="SeleniumLibrary">
<arg>xpath:${PageInputPath}</arg>
<arg>ENTER</arg>
<doc>Simulates the user pressing key(s) to an element or on the active browser.</doc>
<msg timestamp="20230728 15:45:39.148" level="INFO">Sending key(s) ('ENTER',) to xpath://input[@aria-label="jump to page"] element.</msg>
<msg timestamp="20230728 15:45:41.482" level="INFO">Pressing special key ENTER to element.</msg>
<msg timestamp="20230728 15:45:41.483" level="INFO">Releasing special key ENTER.</msg>
<status status="PASS" starttime="20230728 15:45:39.147" endtime="20230728 15:45:42.494"/>
</kw>
<kw name="Get Text" library="SeleniumLibrary">
<var>${TextInput}</var>
<arg>xpath:${PageInputPath}</arg>
<doc>Returns the text value of the element identified by ``locator``.</doc>
<msg timestamp="20230728 15:45:44.547" level="INFO">${TextInput} = </msg>
<status status="PASS" starttime="20230728 15:45:42.495" endtime="20230728 15:45:44.547"/>
</kw>
<kw name="Log To Console" library="BuiltIn">
<arg>Verification of valid text in pagination is done</arg>
<arg>ELSE</arg>
<doc>Logs the given message to the console.</doc>
<status status="PASS" starttime="20230728 15:45:44.548" endtime="20230728 15:45:44.549"/>
</kw>
<kw name="Input Text" library="SeleniumLibrary">
<arg>xpath:${PageInputPath}</arg>
<arg>${PageInput}</arg>
<doc>Types the given ``text`` into the text field identified by ``locator``.</doc>
<msg timestamp="20230728 15:45:44.551" level="INFO">Typing text '1' into text field 'xpath://input[@aria-label="jump to page"]'.</msg>
<status status="PASS" starttime="20230728 15:45:44.550" endtime="20230728 15:45:47.650"/>
</kw>
<kw name="Press Keys" library="SeleniumLibrary">
<arg>xpath:${PageInputPath}</arg>
<arg>ENTER</arg>
<doc>Simulates the user pressing key(s) to an element or on the active browser.</doc>
<msg timestamp="20230728 15:45:47.652" level="INFO">Sending key(s) ('ENTER',) to xpath://input[@aria-label="jump to page"] element.</msg>
<msg timestamp="20230728 15:45:49.964" level="INFO">Pressing special key ENTER to element.</msg>
<msg timestamp="20230728 15:45:49.964" level="INFO">Releasing special key ENTER.</msg>
<status status="PASS" starttime="20230728 15:45:47.650" endtime="20230728 15:45:50.989"/>
</kw>
<kw name="Get Text" library="SeleniumLibrary">
<var>${TextInput}</var>
<arg>xpath:${PageInputPath}</arg>
<doc>Returns the text value of the element identified by ``locator``.</doc>
<msg timestamp="20230728 15:45:53.040" level="INFO">${TextInput} = </msg>
<status status="PASS" starttime="20230728 15:45:50.990" endtime="20230728 15:45:53.040"/>
</kw>
<kw name="Should Be True" library="BuiltIn">
<arg>'${TextInput}'!='${TotalPage}'</arg>
<doc>Fails if the given condition is not true.</doc>
<status status="PASS" starttime="20230728 15:45:53.041" endtime="20230728 15:45:53.041"/>
</kw>
<kw name="Log To Console" library="BuiltIn">
<arg>Verification of Invalid text in pagination is done</arg>
<doc>Logs the given message to the console.</doc>
<status status="PASS" starttime="20230728 15:45:53.041" endtime="20230728 15:45:53.042"/>
</kw>
<status status="PASS" starttime="20230728 15:45:32.721" endtime="20230728 15:45:53.042"/>
</test>
<test id="s1-s1-s1-t7" name="Verify The Dropdown Of Selection Of Rows" line="110">
<kw name="Set Selenium Speed" library="SeleniumLibrary">
<arg>1 Seconds</arg>
<doc>Sets the delay that is waited after each Selenium command.</doc>
<status status="PASS" starttime="20230728 15:45:53.043" endtime="20230728 15:45:53.043"/>
</kw>
<kw name="Execute Javascript" library="SeleniumLibrary">
<arg>window.scrollTo(0, document.body.scrollHeight)</arg>
<doc>Executes the given JavaScript code with possible arguments.</doc>
<msg timestamp="20230728 15:45:53.044" level="INFO">Executing JavaScript:
window.scrollTo(0, document.body.scrollHeight)
Without any arguments.</msg>
<status status="PASS" starttime="20230728 15:45:53.043" endtime="20230728 15:45:54.062"/>
</kw>
<kw name="Select From List By Value" library="SeleniumLibrary">
<arg>xpath://select[@aria-label="rows per page"]</arg>
<arg>10</arg>
<doc>Selects options from selection list ``locator`` by ``values``.</doc>
<msg timestamp="20230728 15:45:54.065" level="INFO">Selecting options from selection list 'xpath://select[@aria-label="rows per page"]' by value 10.</msg>
<status status="PASS" starttime="20230728 15:45:54.063" endtime="20230728 15:46:00.202"/>
</kw>
<kw name="Execute Javascript" library="SeleniumLibrary">
<arg>window.scrollTo(0, document.body.scrollHeight)</arg>
<doc>Executes the given JavaScript code with possible arguments.</doc>
<msg timestamp="20230728 15:46:00.205" level="INFO">Executing JavaScript:
window.scrollTo(0, document.body.scrollHeight)
Without any arguments.</msg>
<status status="PASS" starttime="20230728 15:46:00.204" endtime="20230728 15:46:01.228"/>
</kw>
<kw name="Sleep" library="BuiltIn">
<arg>2 Seconds</arg>
<doc>Pauses the test executed for the given time.</doc>
<msg timestamp="20230728 15:46:03.243" level="INFO">Slept 2 seconds</msg>
<status status="PASS" starttime="20230728 15:46:01.229" endtime="20230728 15:46:03.243"/>
</kw>
<kw name="Get Selected List Value" library="SeleniumLibrary">
<var>${DroupdownText}</var>
<arg>xpath://select[@aria-label="rows per page"]</arg>
<doc>Returns the value of selected option from selection list ``locator``.</doc>
<msg timestamp="20230728 15:46:11.421" level="INFO">${DroupdownText} = 10</msg>
<status status="PASS" starttime="20230728 15:46:03.244" endtime="20230728 15:46:11.421"/>
</kw>
<kw name="Get Element Count" library="SeleniumLibrary">
<var>${Count}</var>
<arg>xpath:${BooksLink}</arg>
<doc>Returns the number of elements matching ``locator``.</doc>
<msg timestamp="20230728 15:46:12.447" level="INFO">${Count} = 4</msg>
<status status="PASS" starttime="20230728 15:46:11.422" endtime="20230728 15:46:12.448"/>
</kw>
<kw name="Should Be True" library="BuiltIn">
<arg>${Count}&lt;=${DroupdownText}</arg>
<doc>Fails if the given condition is not true.</doc>
<status status="PASS" starttime="20230728 15:46:12.448" endtime="20230728 15:46:12.448"/>
</kw>
<kw name="Maximize Browser Window" library="SeleniumLibrary">
<doc>Maximizes current browser window.</doc>
<status status="PASS" starttime="20230728 15:46:12.449" endtime="20230728 15:46:13.590"/>
</kw>
<kw name="Log To Console" library="BuiltIn">
<arg>Verification of droupdown is successful</arg>
<doc>Logs the given message to the console.</doc>
<status status="PASS" starttime="20230728 15:46:13.592" endtime="20230728 15:46:13.593"/>
</kw>
<status status="PASS" starttime="20230728 15:45:53.043" endtime="20230728 15:46:13.594"/>
</test>
<test id="s1-s1-s1-t8" name="Verify Book Details Page When User Is Logged In Or Not." line="122">
<kw name="Set Selenium Speed" library="SeleniumLibrary">
<arg>1 Seconds</arg>
<doc>Sets the delay that is waited after each Selenium command.</doc>
<status status="PASS" starttime="20230728 15:46:13.597" endtime="20230728 15:46:13.598"/>
</kw>
<kw name="Get WebElements" library="SeleniumLibrary">
<var>${BookList}</var>
<arg>${BooksLink}</arg>
<doc>Returns a list of WebElement objects matching the ``locator``.</doc>
<msg timestamp="20230728 15:46:14.610" level="INFO">${BookList} = [&lt;selenium.webdriver.remote.webelement.WebElement (session="0bce107a3ad207fd7a2b65a74c54af41", element="B1E27E8F6080C3C80A5F209D45545C2D_element_237")&gt;, &lt;selenium.webdriver.remote.webelement.WebElemen...</msg>
<status status="PASS" starttime="20230728 15:46:13.599" endtime="20230728 15:46:14.611"/>
</kw>
<kw name="Create List" library="BuiltIn">
<var>${List1}</var>
<doc>Returns a list containing given items.</doc>
<msg timestamp="20230728 15:46:14.611" level="INFO">${List1} = []</msg>
<status status="PASS" starttime="20230728 15:46:14.611" endtime="20230728 15:46:14.611"/>
</kw>
<for flavor="IN">
<var>${Link}</var>
<value>@{BookList}</value>
<iter>
<var name="${Link}">&lt;selenium.webdriver.remote.webelement.WebElement (session="0bce107a3ad207fd7a2b65a74c54af41", element="B1E27E8F6080C3C80A5F209D45545C2D_element_237")&gt;</var>
<kw name="Log" library="BuiltIn">
<arg>${Link.text}</arg>
<doc>Logs the given message with the given level.</doc>
<msg timestamp="20230728 15:46:15.637" level="INFO">Learning JavaScript Design Patterns</msg>
<status status="PASS" starttime="20230728 15:46:14.613" endtime="20230728 15:46:15.637"/>
</kw>
<kw name="Append To List" library="Collections">
<arg>${List1}</arg>
<arg>${Link.text}</arg>
<doc>Adds ``values`` to the end of ``list``.</doc>
<status status="PASS" starttime="20230728 15:46:15.637" endtime="20230728 15:46:16.659"/>
</kw>
<status status="PASS" starttime="20230728 15:46:14.613" endtime="20230728 15:46:16.659"/>
</iter>
<iter>
<var name="${Link}">&lt;selenium.webdriver.remote.webelement.WebElement (session="0bce107a3ad207fd7a2b65a74c54af41", element="B1E27E8F6080C3C80A5F209D45545C2D_element_238")&gt;</var>
<kw name="Log" library="BuiltIn">
<arg>${Link.text}</arg>
<doc>Logs the given message with the given level.</doc>
<msg timestamp="20230728 15:46:17.674" level="INFO">Speaking JavaScript</msg>
<status status="PASS" starttime="20230728 15:46:16.659" endtime="20230728 15:46:17.674"/>
</kw>
<kw name="Append To List" library="Collections">
<arg>${List1}</arg>
<arg>${Link.text}</arg>
<doc>Adds ``values`` to the end of ``list``.</doc>
<status status="PASS" starttime="20230728 15:46:17.675" endtime="20230728 15:46:18.697"/>
</kw>
<status status="PASS" starttime="20230728 15:46:16.659" endtime="20230728 15:46:18.697"/>
</iter>
<iter>
<var name="${Link}">&lt;selenium.webdriver.remote.webelement.WebElement (session="0bce107a3ad207fd7a2b65a74c54af41", element="B1E27E8F6080C3C80A5F209D45545C2D_element_239")&gt;</var>
<kw name="Log" library="BuiltIn">
<arg>${Link.text}</arg>
<doc>Logs the given message with the given level.</doc>
<msg timestamp="20230728 15:46:19.717" level="INFO">Programming JavaScript Applications</msg>
<status status="PASS" starttime="20230728 15:46:18.698" endtime="20230728 15:46:19.717"/>
</kw>
<kw name="Append To List" library="Collections">
<arg>${List1}</arg>
<arg>${Link.text}</arg>
<doc>Adds ``values`` to the end of ``list``.</doc>
<status status="PASS" starttime="20230728 15:46:19.717" endtime="20230728 15:46:20.744"/>
</kw>
<status status="PASS" starttime="20230728 15:46:18.698" endtime="20230728 15:46:20.744"/>
</iter>
<iter>
<var name="${Link}">&lt;selenium.webdriver.remote.webelement.WebElement (session="0bce107a3ad207fd7a2b65a74c54af41", element="B1E27E8F6080C3C80A5F209D45545C2D_element_240")&gt;</var>
<kw name="Log" library="BuiltIn">
<arg>${Link.text}</arg>
<doc>Logs the given message with the given level.</doc>
<msg timestamp="20230728 15:46:21.757" level="INFO">Eloquent JavaScript, Second Edition</msg>
<status status="PASS" starttime="20230728 15:46:20.745" endtime="20230728 15:46:21.758"/>
</kw>
<kw name="Append To List" library="Collections">
<arg>${List1}</arg>
<arg>${Link.text}</arg>
<doc>Adds ``values`` to the end of ``list``.</doc>
<status status="PASS" starttime="20230728 15:46:21.758" endtime="20230728 15:46:22.788"/>
</kw>
<status status="PASS" starttime="20230728 15:46:20.745" endtime="20230728 15:46:22.788"/>
</iter>
<status status="PASS" starttime="20230728 15:46:14.613" endtime="20230728 15:46:22.788"/>
</for>
<kw name="Evaluate" library="BuiltIn">
<var>${Pageinput}</var>
<arg>random.choice(${List1})</arg>
<arg>random</arg>
<doc>Evaluates the given expression in Python and returns the result.</doc>
<msg timestamp="20230728 15:46:22.788" level="INFO">${Pageinput} = Eloquent JavaScript, Second Edition</msg>
<status status="PASS" starttime="20230728 15:46:22.788" endtime="20230728 15:46:22.788"/>
</kw>
<kw name="Replace String" library="String">
<var>${Var}</var>
<arg>//a[contains(text(),'LinkSelected')]</arg>
<arg>LinkSelected</arg>
<arg>${Pageinput}</arg>
<doc>Replaces ``search_for`` in the given ``string`` with ``replace_with``.</doc>
<msg timestamp="20230728 15:46:22.789" level="INFO">${Var} = //a[contains(text(),'Eloquent JavaScript, Second Edition')]</msg>
<status status="PASS" starttime="20230728 15:46:22.789" endtime="20230728 15:46:22.789"/>
</kw>
<kw name="Execute Javascript" library="SeleniumLibrary">
<arg>window.scrollTo(0, document.body.scrollHeight)</arg>
<doc>Executes the given JavaScript code with possible arguments.</doc>
<msg timestamp="20230728 15:46:22.790" level="INFO">Executing JavaScript:
window.scrollTo(0, document.body.scrollHeight)
Without any arguments.</msg>
<status status="PASS" starttime="20230728 15:46:22.789" endtime="20230728 15:46:23.799"/>
</kw>
<kw name="Sleep" library="BuiltIn">
<arg>2 Seconds</arg>
<doc>Pauses the test executed for the given time.</doc>
<msg timestamp="20230728 15:46:25.803" level="INFO">Slept 2 seconds</msg>
<status status="PASS" starttime="20230728 15:46:23.800" endtime="20230728 15:46:25.803"/>
</kw>
<kw name="Click Element" library="SeleniumLibrary">
<arg>${Var}</arg>
<doc>Click the element identified by ``locator``.</doc>
<msg timestamp="20230728 15:46:25.806" level="INFO">Clicking element '//a[contains(text(),'Eloquent JavaScript, Second Edition')]'.</msg>
<status status="PASS" starttime="20230728 15:46:25.805" endtime="20230728 15:46:29.655"/>
</kw>
<kw name="Sleep" library="BuiltIn">
<arg>2 Seconds</arg>
<doc>Pauses the test executed for the given time.</doc>
<msg timestamp="20230728 15:46:31.664" level="INFO">Slept 2 seconds</msg>
<status status="PASS" starttime="20230728 15:46:29.657" endtime="20230728 15:46:31.664"/>
</kw>
<kw name="Wait Until Element Is Visible" library="SeleniumLibrary">
<arg>${LogoutButton}</arg>
<doc>Waits until the element ``locator`` is visible.</doc>
<status status="PASS" starttime="20230728 15:46:31.665" endtime="20230728 15:46:33.721"/>
</kw>
<kw name="Log To Console" library="BuiltIn">
<arg>Verification of user is logged in is successful</arg>
<doc>Logs the given message to the console.</doc>
<status status="PASS" starttime="20230728 15:46:33.722" endtime="20230728 15:46:33.722"/>
</kw>
<kw name="Click Element" library="SeleniumLibrary">
<arg>xpath:${LogoutButton}</arg>
<doc>Click the element identified by ``locator``.</doc>
<msg timestamp="20230728 15:46:33.723" level="INFO">Clicking element 'xpath://button[text()='Log out']'.</msg>
<status status="PASS" starttime="20230728 15:46:33.723" endtime="20230728 15:46:35.778"/>
</kw>
<kw name="Go To" library="SeleniumLibrary">
<arg>${BookStoreUrl}</arg>
<doc>Navigates the current browser window to the provided ``url``.</doc>
<msg timestamp="20230728 15:46:35.779" level="INFO">Opening url 'https://demoqa.com/books'</msg>
<status status="PASS" starttime="20230728 15:46:35.779" endtime="20230728 15:46:37.910"/>
</kw>
<kw name="Wait Until Element Is Visible" library="SeleniumLibrary">
<arg>xpath:${LoginButton}</arg>
<doc>Waits until the element ``locator`` is visible.</doc>
<status status="PASS" starttime="20230728 15:46:37.911" endtime="20230728 15:46:39.963"/>
</kw>
<kw name="Log To Console" library="BuiltIn">
<arg>Verification of user is successfully logged out</arg>
<doc>Logs the given message to the console.</doc>
<status status="PASS" starttime="20230728 15:46:39.964" endtime="20230728 15:46:39.964"/>
</kw>
<kw name="Click Element" library="SeleniumLibrary">
<arg>xpath:${LoginButton}</arg>
<doc>Click the element identified by ``locator``.</doc>
<msg timestamp="20230728 15:46:39.967" level="INFO">Clicking element 'xpath://button[@id='login']'.</msg>
<status status="PASS" starttime="20230728 15:46:39.966" endtime="20230728 15:46:42.023"/>
</kw>
<kw name="Execute Javascript" library="SeleniumLibrary">
<arg>window.scrollTo(0, document.body.scrollHeight)</arg>
<doc>Executes the given JavaScript code with possible arguments.</doc>
<msg timestamp="20230728 15:46:42.024" level="INFO">Executing JavaScript:
window.scrollTo(0, document.body.scrollHeight)
Without any arguments.</msg>
<status status="PASS" starttime="20230728 15:46:42.024" endtime="20230728 15:46:43.037"/>
</kw>
<kw name="Input Text" library="SeleniumLibrary">
<arg>Id:${Username}</arg>
<arg>kh1</arg>
<doc>Types the given ``text`` into the text field identified by ``locator``.</doc>
<msg timestamp="20230728 15:46:43.038" level="INFO">Typing text 'kh1' into text field 'Id:userName'.</msg>
<status status="PASS" starttime="20230728 15:46:43.037" endtime="20230728 15:46:46.135"/>
</kw>
<kw name="Input Password" library="SeleniumLibrary">
<arg>Id:${Password}</arg>
<arg>Khushi@1!</arg>
<doc>Types the given password into the text field identified by ``locator``.</doc>
<msg timestamp="20230728 15:46:46.135" level="INFO">Typing password into text field 'Id:password'.</msg>
<msg timestamp="20230728 15:46:48.170" level="INFO">Temporally setting log level to: NONE</msg>
<msg timestamp="20230728 15:46:49.212" level="INFO">Log level changed from NONE to INFO.</msg>
<status status="PASS" starttime="20230728 15:46:46.135" endtime="20230728 15:46:49.213"/>
</kw>
<kw name="Click Element" library="SeleniumLibrary">
<arg>xpath:${Loginbutton}</arg>
<doc>Click the element identified by ``locator``.</doc>
<msg timestamp="20230728 15:46:49.215" level="INFO">Clicking element 'xpath://button[@id='login']'.</msg>
<status status="PASS" starttime="20230728 15:46:49.214" endtime="20230728 15:46:51.288"/>
</kw>
<kw name="Go To" library="SeleniumLibrary">
<arg>${BookStoreUrl}</arg>
<doc>Navigates the current browser window to the provided ``url``.</doc>
<msg timestamp="20230728 15:46:51.289" level="INFO">Opening url 'https://demoqa.com/books'</msg>
<status status="PASS" starttime="20230728 15:46:51.289" endtime="20230728 15:46:53.498"/>
</kw>
<status status="PASS" starttime="20230728 15:46:13.596" endtime="20230728 15:46:53.499"/>
</test>
<test id="s1-s1-s1-t9" name="Verify Details Appearing On Detail Page Is Matching With Bookstore Page" line="149">
<kw name="Set Selenium Speed" library="SeleniumLibrary">
<arg>1 Seconds</arg>
<doc>Sets the delay that is waited after each Selenium command.</doc>
<status status="PASS" starttime="20230728 15:46:53.503" endtime="20230728 15:46:53.504"/>
</kw>
<kw name="Get WebElements" library="SeleniumLibrary">
<var>${BookList}</var>
<arg>${BooksLink}</arg>
<doc>Returns a list of WebElement objects matching the ``locator``.</doc>
<msg timestamp="20230728 15:46:54.527" level="INFO">${BookList} = [&lt;selenium.webdriver.remote.webelement.WebElement (session="0bce107a3ad207fd7a2b65a74c54af41", element="BC9FD5BCF55A6B932C0BE9EB1B11D888_element_349")&gt;, &lt;selenium.webdriver.remote.webelement.WebElemen...</msg>
<status status="PASS" starttime="20230728 15:46:53.504" endtime="20230728 15:46:54.527"/>
</kw>
<kw name="Create List" library="BuiltIn">
<var>${List1}</var>
<doc>Returns a list containing given items.</doc>
<msg timestamp="20230728 15:46:54.530" level="INFO">${List1} = []</msg>
<status status="PASS" starttime="20230728 15:46:54.529" endtime="20230728 15:46:54.530"/>
</kw>
<for flavor="IN">
<var>${Link}</var>
<value>@{BookList}</value>
<iter>
<var name="${Link}">&lt;selenium.webdriver.remote.webelement.WebElement (session="0bce107a3ad207fd7a2b65a74c54af41", element="BC9FD5BCF55A6B932C0BE9EB1B11D888_element_349")&gt;</var>
<kw name="Log" library="BuiltIn">
<arg>${Link.text}</arg>
<doc>Logs the given message with the given level.</doc>
<msg timestamp="20230728 15:46:55.568" level="INFO">Git Pocket Guide</msg>
<status status="PASS" starttime="20230728 15:46:54.532" endtime="20230728 15:46:55.568"/>
</kw>
<kw name="Append To List" library="Collections">
<arg>${List1}</arg>
<arg>${Link.text}</arg>
<doc>Adds ``values`` to the end of ``list``.</doc>
<status status="PASS" starttime="20230728 15:46:55.568" endtime="20230728 15:46:56.594"/>
</kw>
<status status="PASS" starttime="20230728 15:46:54.531" endtime="20230728 15:46:56.594"/>
</iter>
<iter>
<var name="${Link}">&lt;selenium.webdriver.remote.webelement.WebElement (session="0bce107a3ad207fd7a2b65a74c54af41", element="BC9FD5BCF55A6B932C0BE9EB1B11D888_element_350")&gt;</var>
<kw name="Log" library="BuiltIn">
<arg>${Link.text}</arg>
<doc>Logs the given message with the given level.</doc>
<msg timestamp="20230728 15:46:57.620" level="INFO">Learning JavaScript Design Patterns</msg>
<status status="PASS" starttime="20230728 15:46:56.595" endtime="20230728 15:46:57.620"/>
</kw>
<kw name="Append To List" library="Collections">
<arg>${List1}</arg>
<arg>${Link.text}</arg>
<doc>Adds ``values`` to the end of ``list``.</doc>
<status status="PASS" starttime="20230728 15:46:57.621" endtime="20230728 15:46:58.639"/>
</kw>
<status status="PASS" starttime="20230728 15:46:56.594" endtime="20230728 15:46:58.639"/>
</iter>
<iter>
<var name="${Link}">&lt;selenium.webdriver.remote.webelement.WebElement (session="0bce107a3ad207fd7a2b65a74c54af41", element="BC9FD5BCF55A6B932C0BE9EB1B11D888_element_351")&gt;</var>
<kw name="Log" library="BuiltIn">
<arg>${Link.text}</arg>
<doc>Logs the given message with the given level.</doc>
<msg timestamp="20230728 15:46:59.668" level="INFO">Designing Evolvable Web APIs with ASP.NET</msg>
<status status="PASS" starttime="20230728 15:46:58.640" endtime="20230728 15:46:59.668"/>
</kw>
<kw name="Append To List" library="Collections">
<arg>${List1}</arg>
<arg>${Link.text}</arg>
<doc>Adds ``values`` to the end of ``list``.</doc>
<status status="PASS" starttime="20230728 15:46:59.668" endtime="20230728 15:47:00.681"/>
</kw>
<status status="PASS" starttime="20230728 15:46:58.640" endtime="20230728 15:47:00.682"/>
</iter>
<iter>
<var name="${Link}">&lt;selenium.webdriver.remote.webelement.WebElement (session="0bce107a3ad207fd7a2b65a74c54af41", element="BC9FD5BCF55A6B932C0BE9EB1B11D888_element_352")&gt;</var>
<kw name="Log" library="BuiltIn">
<arg>${Link.text}</arg>
<doc>Logs the given message with the given level.</doc>
<msg timestamp="20230728 15:47:01.710" level="INFO">Speaking JavaScript</msg>
<status status="PASS" starttime="20230728 15:47:00.682" endtime="20230728 15:47:01.710"/>
</kw>
<kw name="Append To List" library="Collections">
<arg>${List1}</arg>
<arg>${Link.text}</arg>
<doc>Adds ``values`` to the end of ``list``.</doc>
<status status="PASS" starttime="20230728 15:47:01.710" endtime="20230728 15:47:02.733"/>
</kw>
<status status="PASS" starttime="20230728 15:47:00.682" endtime="20230728 15:47:02.734"/>
</iter>
<iter>
<var name="${Link}">&lt;selenium.webdriver.remote.webelement.WebElement (session="0bce107a3ad207fd7a2b65a74c54af41", element="BC9FD5BCF55A6B932C0BE9EB1B11D888_element_353")&gt;</var>
<kw name="Log" library="BuiltIn">
<arg>${Link.text}</arg>
<doc>Logs the given message with the given level.</doc>
<msg timestamp="20230728 15:47:03.760" level="INFO">You Don't Know JS</msg>
<status status="PASS" starttime="20230728 15:47:02.735" endtime="20230728 15:47:03.760"/>
</kw>
<kw name="Append To List" library="Collections">
<arg>${List1}</arg>
<arg>${Link.text}</arg>
<doc>Adds ``values`` to the end of ``list``.</doc>
<status status="PASS" starttime="20230728 15:47:03.760" endtime="20230728 15:47:04.786"/>
</kw>
<status status="PASS" starttime="20230728 15:47:02.734" endtime="20230728 15:47:04.786"/>
</iter>
<iter>
<var name="${Link}">&lt;selenium.webdriver.remote.webelement.WebElement (session="0bce107a3ad207fd7a2b65a74c54af41", element="BC9FD5BCF55A6B932C0BE9EB1B11D888_element_354")&gt;</var>
<kw name="Log" library="BuiltIn">
<arg>${Link.text}</arg>
<doc>Logs the given message with the given level.</doc>
<msg timestamp="20230728 15:47:05.809" level="INFO">Programming JavaScript Applications</msg>
<status status="PASS" starttime="20230728 15:47:04.787" endtime="20230728 15:47:05.809"/>
</kw>
<kw name="Append To List" library="Collections">
<arg>${List1}</arg>
<arg>${Link.text}</arg>
<doc>Adds ``values`` to the end of ``list``.</doc>
<status status="PASS" starttime="20230728 15:47:05.810" endtime="20230728 15:47:06.832"/>
</kw>
<status status="PASS" starttime="20230728 15:47:04.787" endtime="20230728 15:47:06.832"/>
</iter>
<iter>
<var name="${Link}">&lt;selenium.webdriver.remote.webelement.WebElement (session="0bce107a3ad207fd7a2b65a74c54af41", element="BC9FD5BCF55A6B932C0BE9EB1B11D888_element_355")&gt;</var>
<kw name="Log" library="BuiltIn">
<arg>${Link.text}</arg>
<doc>Logs the given message with the given level.</doc>
<msg timestamp="20230728 15:47:07.860" level="INFO">Eloquent JavaScript, Second Edition</msg>
<status status="PASS" starttime="20230728 15:47:06.833" endtime="20230728 15:47:07.860"/>
</kw>
<kw name="Append To List" library="Collections">
<arg>${List1}</arg>
<arg>${Link.text}</arg>
<doc>Adds ``values`` to the end of ``list``.</doc>
<status status="PASS" starttime="20230728 15:47:07.861" endtime="20230728 15:47:08.872"/>
</kw>
<status status="PASS" starttime="20230728 15:47:06.833" endtime="20230728 15:47:08.872"/>
</iter>
<iter>
<var name="${Link}">&lt;selenium.webdriver.remote.webelement.WebElement (session="0bce107a3ad207fd7a2b65a74c54af41", element="BC9FD5BCF55A6B932C0BE9EB1B11D888_element_356")&gt;</var>
<kw name="Log" library="BuiltIn">
<arg>${Link.text}</arg>
<doc>Logs the given message with the given level.</doc>
<msg timestamp="20230728 15:47:09.889" level="INFO">Understanding ECMAScript 6</msg>
<status status="PASS" starttime="20230728 15:47:08.872" endtime="20230728 15:47:09.889"/>
</kw>
<kw name="Append To List" library="Collections">
<arg>${List1}</arg>
<arg>${Link.text}</arg>
<doc>Adds ``values`` to the end of ``list``.</doc>
<status status="PASS" starttime="20230728 15:47:09.890" endtime="20230728 15:47:10.915"/>
</kw>
<status status="PASS" starttime="20230728 15:47:08.872" endtime="20230728 15:47:10.915"/>
</iter>
<status status="PASS" starttime="20230728 15:46:54.531" endtime="20230728 15:47:10.915"/>
</for>
<kw name="Evaluate" library="BuiltIn">
<var>${PageInput}</var>
<arg>random.choice(${List1})</arg>
<arg>random</arg>
<doc>Evaluates the given expression in Python and returns the result.</doc>
<msg timestamp="20230728 15:47:10.916" level="INFO">${PageInput} = Programming JavaScript Applications</msg>
<status status="PASS" starttime="20230728 15:47:10.916" endtime="20230728 15:47:10.916"/>
</kw>
<kw name="Replace String" library="String">
<var>${Var}</var>
<arg>//a[contains(text(),'LinkSelected')]</arg>
<arg>LinkSelected</arg>
<arg>${Pageinput}</arg>
<doc>Replaces ``search_for`` in the given ``string`` with ``replace_with``.</doc>
<msg timestamp="20230728 15:47:10.917" level="INFO">${Var} = //a[contains(text(),'Programming JavaScript Applications')]</msg>
<status status="PASS" starttime="20230728 15:47:10.917" endtime="20230728 15:47:10.917"/>
</kw>
<kw name="Execute Javascript" library="SeleniumLibrary">
<arg>window.scrollTo(0, document.body.scrollHeight)</arg>
<doc>Executes the given JavaScript code with possible arguments.</doc>
<msg timestamp="20230728 15:47:10.919" level="INFO">Executing JavaScript:
window.scrollTo(0, document.body.scrollHeight)
Without any arguments.</msg>
<status status="PASS" starttime="20230728 15:47:10.919" endtime="20230728 15:47:11.940"/>
</kw>
<kw name="Sleep" library="BuiltIn">
<arg>2 Seconds</arg>
<doc>Pauses the test executed for the given time.</doc>
<msg timestamp="20230728 15:47:13.944" level="INFO">Slept 2 seconds</msg>
<status status="PASS" starttime="20230728 15:47:11.941" endtime="20230728 15:47:13.944"/>
</kw>
<kw name="Replace String" library="String">
<var>${Var1}</var>
<arg>//a[contains(text(),'Selected')]/../../../following-sibling::div[1]</arg>
<arg>Selected</arg>
<arg>${Pageinput}</arg>
<doc>Replaces ``search_for`` in the given ``string`` with ``replace_with``.</doc>
<msg timestamp="20230728 15:47:13.945" level="INFO">${Var1} = //a[contains(text(),'Programming JavaScript Applications')]/../../../following-sibling::div[1]</msg>
<status status="PASS" starttime="20230728 15:47:13.945" endtime="20230728 15:47:13.945"/>
</kw>
<kw name="Replace String" library="String">
<var>${Var2}</var>
<arg>//a[contains(text(),'Selected')]/../../../following-sibling::div[2]</arg>
<arg>Selected</arg>
<arg>${Pageinput}</arg>
<doc>Replaces ``search_for`` in the given ``string`` with ``replace_with``.</doc>
<msg timestamp="20230728 15:47:13.946" level="INFO">${Var2} = //a[contains(text(),'Programming JavaScript Applications')]/../../../following-sibling::div[2]</msg>
<status status="PASS" starttime="20230728 15:47:13.946" endtime="20230728 15:47:13.946"/>
</kw>
<kw name="Get Text" library="SeleniumLibrary">
<var>${AuthorName}</var>
<arg>xpath:${Var1}</arg>
<doc>Returns the text value of the element identified by ``locator``.</doc>
<msg timestamp="20230728 15:47:15.983" level="INFO">${AuthorName} = Eric Elliott</msg>
<status status="PASS" starttime="20230728 15:47:13.946" endtime="20230728 15:47:15.983"/>
</kw>
<kw name="Get Text" library="SeleniumLibrary">
<var>${Publisher}</var>
<arg>xpath:${Var2}</arg>
<doc>Returns the text value of the element identified by ``locator``.</doc>
<msg timestamp="20230728 15:47:18.025" level="INFO">${Publisher} = O'Reilly Media</msg>
<status status="PASS" starttime="20230728 15:47:15.984" endtime="20230728 15:47:18.025"/>
</kw>
<kw name="Click Element" library="SeleniumLibrary">
<arg>${Var}</arg>
<doc>Click the element identified by ``locator``.</doc>
<msg timestamp="20230728 15:47:18.026" level="INFO">Clicking element '//a[contains(text(),'Programming JavaScript Applications')]'.</msg>
<status status="PASS" starttime="20230728 15:47:18.026" endtime="20230728 15:47:20.716"/>
</kw>
<kw name="Sleep" library="BuiltIn">
<arg>2 Seconds</arg>
<doc>Pauses the test executed for the given time.</doc>
<msg timestamp="20230728 15:47:22.729" level="INFO">Slept 2 seconds</msg>
<status status="PASS" starttime="20230728 15:47:20.717" endtime="20230728 15:47:22.729"/>
</kw>
<kw name="Execute Javascript" library="SeleniumLibrary">
<arg>window.scrollTo(0, document.body.scrollHeight)</arg>
<doc>Executes the given JavaScript code with possible arguments.</doc>
<msg timestamp="20230728 15:47:22.731" level="INFO">Executing JavaScript:
window.scrollTo(0, document.body.scrollHeight)
Without any arguments.</msg>
<status status="PASS" starttime="20230728 15:47:22.730" endtime="20230728 15:47:23.751"/>
</kw>
<kw name="Get Text" library="SeleniumLibrary">
<var>${BookName}</var>
<arg>xpath:${Details1}</arg>
<doc>Returns the text value of the element identified by ``locator``.</doc>
<msg timestamp="20230728 15:47:25.806" level="INFO">${BookName} = Programming JavaScript Applications</msg>
<status status="PASS" starttime="20230728 15:47:23.752" endtime="20230728 15:47:25.806"/>
</kw>
<kw name="Get Text" library="SeleniumLibrary">
<var>${Author1}</var>
<arg>xpath:${Details2}</arg>
<doc>Returns the text value of the element identified by ``locator``.</doc>
<msg timestamp="20230728 15:47:27.856" level="INFO">${Author1} = Eric Elliott</msg>
<status status="PASS" starttime="20230728 15:47:25.807" endtime="20230728 15:47:27.856"/>
</kw>
<kw name="Get Text" library="SeleniumLibrary">
<var>${Publisher1}</var>
<arg>xpath:${Details3}</arg>
<doc>Returns the text value of the element identified by ``locator``.</doc>
<msg timestamp="20230728 15:47:29.903" level="INFO">${Publisher1} = O'Reilly Media</msg>
<status status="PASS" starttime="20230728 15:47:27.858" endtime="20230728 15:47:29.903"/>
</kw>
<kw name="Should Be True" library="BuiltIn">
<arg>"${BookName}"=="${PageInput}" and "${Author1}"=="${AuthorName}" and "${Publisher1}"=="${Publisher}"</arg>
<doc>Fails if the given condition is not true.</doc>
<status status="PASS" starttime="20230728 15:47:29.904" endtime="20230728 15:47:29.905"/>
</kw>
<kw name="Log To Console" library="BuiltIn">
<arg>Verification of book details is successful</arg>
<doc>Logs the given message to the console.</doc>
<status status="PASS" starttime="20230728 15:47:29.906" endtime="20230728 15:47:29.907"/>
</kw>
<status status="PASS" starttime="20230728 15:46:53.502" endtime="20230728 15:47:29.908"/>
</test>
<test id="s1-s1-s1-t10" name="Verify the Different Action Of Add to Collection Button" line="176">
<kw name="Set Selenium Speed" library="SeleniumLibrary">
<arg>1 Seconds</arg>
<doc>Sets the delay that is waited after each Selenium command.</doc>
<status status="PASS" starttime="20230728 15:47:29.911" endtime="20230728 15:47:29.911"/>
</kw>
<kw name="Go To" library="SeleniumLibrary">
<arg>${BookStoreUrl}</arg>
<doc>Navigates the current browser window to the provided ``url``.</doc>
<msg timestamp="20230728 15:47:29.912" level="INFO">Opening url 'https://demoqa.com/books'</msg>
<status status="PASS" starttime="20230728 15:47:29.912" endtime="20230728 15:47:32.197"/>
</kw>
<kw name="Get WebElements" library="SeleniumLibrary">
<var>${BookList}</var>
<arg>${BooksLink}</arg>
<doc>Returns a list of WebElement objects matching the ``locator``.</doc>
<msg timestamp="20230728 15:47:33.225" level="INFO">${BookList} = [&lt;selenium.webdriver.remote.webelement.WebElement (session="0bce107a3ad207fd7a2b65a74c54af41", element="8ED50CF4CCB22BDE5392C8E5C1C7631B_element_429")&gt;, &lt;selenium.webdriver.remote.webelement.WebElemen...</msg>
<status status="PASS" starttime="20230728 15:47:32.198" endtime="20230728 15:47:33.225"/>
</kw>
<kw name="Create List" library="BuiltIn">
<var>${List1}</var>
<doc>Returns a list containing given items.</doc>
<msg timestamp="20230728 15:47:33.227" level="INFO">${List1} = []</msg>
<status status="PASS" starttime="20230728 15:47:33.227" endtime="20230728 15:47:33.227"/>
</kw>
<for flavor="IN">
<var>${Link}</var>
<value>@{BookList}</value>
<iter>
<var name="${Link}">&lt;selenium.webdriver.remote.webelement.WebElement (session="0bce107a3ad207fd7a2b65a74c54af41", element="8ED50CF4CCB22BDE5392C8E5C1C7631B_element_429")&gt;</var>
<kw name="Log" library="BuiltIn">
<arg>${Link.text}</arg>
<doc>Logs the given message with the given level.</doc>
<msg timestamp="20230728 15:47:34.248" level="INFO">Git Pocket Guide</msg>
<status status="PASS" starttime="20230728 15:47:33.228" endtime="20230728 15:47:34.248"/>
</kw>
<kw name="Append To List" library="Collections">
<arg>${List1}</arg>
<arg>${Link.text}</arg>
<doc>Adds ``values`` to the end of ``list``.</doc>
<status status="PASS" starttime="20230728 15:47:34.249" endtime="20230728 15:47:35.273"/>
</kw>
<status status="PASS" starttime="20230728 15:47:33.228" endtime="20230728 15:47:35.273"/>
</iter>
<iter>
<var name="${Link}">&lt;selenium.webdriver.remote.webelement.WebElement (session="0bce107a3ad207fd7a2b65a74c54af41", element="8ED50CF4CCB22BDE5392C8E5C1C7631B_element_430")&gt;</var>
<kw name="Log" library="BuiltIn">
<arg>${Link.text}</arg>
<doc>Logs the given message with the given level.</doc>
<msg timestamp="20230728 15:47:36.302" level="INFO">Learning JavaScript Design Patterns</msg>
<status status="PASS" starttime="20230728 15:47:35.274" endtime="20230728 15:47:36.302"/>
</kw>
<kw name="Append To List" library="Collections">
<arg>${List1}</arg>
<arg>${Link.text}</arg>
<doc>Adds ``values`` to the end of ``list``.</doc>
<status status="PASS" starttime="20230728 15:47:36.303" endtime="20230728 15:47:37.332"/>
</kw>
<status status="PASS" starttime="20230728 15:47:35.273" endtime="20230728 15:47:37.332"/>
</iter>
<iter>
<var name="${Link}">&lt;selenium.webdriver.remote.webelement.WebElement (session="0bce107a3ad207fd7a2b65a74c54af41", element="8ED50CF4CCB22BDE5392C8E5C1C7631B_element_431")&gt;</var>
<kw name="Log" library="BuiltIn">
<arg>${Link.text}</arg>
<doc>Logs the given message with the given level.</doc>
<msg timestamp="20230728 15:47:38.358" level="INFO">Designing Evolvable Web APIs with ASP.NET</msg>
<status status="PASS" starttime="20230728 15:47:37.333" endtime="20230728 15:47:38.358"/>
</kw>
<kw name="Append To List" library="Collections">
<arg>${List1}</arg>
<arg>${Link.text}</arg>
<doc>Adds ``values`` to the end of ``list``.</doc>
<status status="PASS" starttime="20230728 15:47:38.359" endtime="20230728 15:47:39.383"/>
</kw>
<status status="PASS" starttime="20230728 15:47:37.332" endtime="20230728 15:47:39.383"/>
</iter>
<iter>
<var name="${Link}">&lt;selenium.webdriver.remote.webelement.WebElement (session="0bce107a3ad207fd7a2b65a74c54af41", element="8ED50CF4CCB22BDE5392C8E5C1C7631B_element_432")&gt;</var>
<kw name="Log" library="BuiltIn">
<arg>${Link.text}</arg>
<doc>Logs the given message with the given level.</doc>
<msg timestamp="20230728 15:47:40.404" level="INFO">Speaking JavaScript</msg>
<status status="PASS" starttime="20230728 15:47:39.384" endtime="20230728 15:47:40.404"/>
</kw>
<kw name="Append To List" library="Collections">
<arg>${List1}</arg>
<arg>${Link.text}</arg>
<doc>Adds ``values`` to the end of ``list``.</doc>
<status status="PASS" starttime="20230728 15:47:40.405" endtime="20230728 15:47:41.441"/>
</kw>
<status status="PASS" starttime="20230728 15:47:39.383" endtime="20230728 15:47:41.441"/>
</iter>
<iter>
<var name="${Link}">&lt;selenium.webdriver.remote.webelement.WebElement (session="0bce107a3ad207fd7a2b65a74c54af41", element="8ED50CF4CCB22BDE5392C8E5C1C7631B_element_433")&gt;</var>
<kw name="Log" library="BuiltIn">
<arg>${Link.text}</arg>
<doc>Logs the given message with the given level.</doc>
<msg timestamp="20230728 15:47:42.457" level="INFO">You Don't Know JS</msg>
<status status="PASS" starttime="20230728 15:47:41.442" endtime="20230728 15:47:42.457"/>
</kw>
<kw name="Append To List" library="Collections">
<arg>${List1}</arg>
<arg>${Link.text}</arg>
<doc>Adds ``values`` to the end of ``list``.</doc>
<status status="PASS" starttime="20230728 15:47:42.458" endtime="20230728 15:47:43.482"/>
</kw>
<status status="PASS" starttime="20230728 15:47:41.442" endtime="20230728 15:47:43.482"/>
</iter>
<iter>
<var name="${Link}">&lt;selenium.webdriver.remote.webelement.WebElement (session="0bce107a3ad207fd7a2b65a74c54af41", element="8ED50CF4CCB22BDE5392C8E5C1C7631B_element_434")&gt;</var>
<kw name="Log" library="BuiltIn">
<arg>${Link.text}</arg>
<doc>Logs the given message with the given level.</doc>
<msg timestamp="20230728 15:47:44.496" level="INFO">Programming JavaScript Applications</msg>
<status status="PASS" starttime="20230728 15:47:43.483" endtime="20230728 15:47:44.497"/>
</kw>
<kw name="Append To List" library="Collections">
<arg>${List1}</arg>
<arg>${Link.text}</arg>
<doc>Adds ``values`` to the end of ``list``.</doc>
<status status="PASS" starttime="20230728 15:47:44.497" endtime="20230728 15:47:45.522"/>
</kw>
<status status="PASS" starttime="20230728 15:47:43.483" endtime="20230728 15:47:45.522"/>
</iter>
<iter>
<var name="${Link}">&lt;selenium.webdriver.remote.webelement.WebElement (session="0bce107a3ad207fd7a2b65a74c54af41", element="8ED50CF4CCB22BDE5392C8E5C1C7631B_element_435")&gt;</var>
<kw name="Log" library="BuiltIn">
<arg>${Link.text}</arg>
<doc>Logs the given message with the given level.</doc>
<msg timestamp="20230728 15:47:46.546" level="INFO">Eloquent JavaScript, Second Edition</msg>
[...]
window.scrollTo(0, document.body.scrollHeight)
Without any arguments.</msg>
<status status="PASS" starttime="20230728 15:53:16.982" endtime="20230728 15:53:18.005"/>
</kw>
<kw name="Sleep" library="BuiltIn">
<arg>2 Seconds</arg>
<doc>Pauses the test executed for the given time.</doc>
<msg timestamp="20230728 15:53:20.011" level="INFO">Slept 2 seconds</msg>
<status status="PASS" starttime="20230728 15:53:18.005" endtime="20230728 15:53:20.011"/>
</kw>
<kw name="Click Element" library="SeleniumLibrary">
<arg>${Var}</arg>
<doc>Click the element identified by ``locator``.</doc>
<msg timestamp="20230728 15:53:20.012" level="INFO">Clicking element '//a[contains(text(),'Speaking JavaScript')]'.</msg>
<status status="PASS" starttime="20230728 15:53:20.011" endtime="20230728 15:53:22.569"/>
</kw>
<kw name="Execute Javascript" library="SeleniumLibrary">
<arg>window.scrollTo(0, document.body.scrollHeight)</arg>
<doc>Executes the given JavaScript code with possible arguments.</doc>
<msg timestamp="20230728 15:53:22.572" level="INFO">Executing JavaScript:
window.scrollTo(0, document.body.scrollHeight)
Without any arguments.</msg>
<status status="PASS" starttime="20230728 15:53:22.569" endtime="20230728 15:53:23.593"/>
</kw>
<kw name="Sleep" library="BuiltIn">
<arg>2 Seconds</arg>
<doc>Pauses the test executed for the given time.</doc>
<msg timestamp="20230728 15:53:25.598" level="INFO">Slept 2 seconds</msg>
<status status="PASS" starttime="20230728 15:53:23.593" endtime="20230728 15:53:25.598"/>
</kw>
<kw name="Click Element" library="SeleniumLibrary">
<arg>xpath:${AddToCollection}</arg>
<doc>Click the element identified by ``locator``.</doc>
<msg timestamp="20230728 15:53:25.600" level="INFO">Clicking element 'xpath://button[text()='Add To Your Collection']'.</msg>
<status status="PASS" starttime="20230728 15:53:25.599" endtime="20230728 15:53:27.664"/>
</kw>
<kw name="Sleep" library="BuiltIn">
<arg>1 Seconds</arg>
<doc>Pauses the test executed for the given time.</doc>
<msg timestamp="20230728 15:53:28.674" level="INFO">Slept 1 second</msg>
<status status="PASS" starttime="20230728 15:53:27.664" endtime="20230728 15:53:28.674"/>
</kw>
<kw name="Alert Should Be Present" library="SeleniumLibrary">
<doc>Verifies that an alert is present and by default, accepts it.</doc>
<msg timestamp="20230728 15:53:28.675" level="INFO">HANDLE::&lt;class 'NoneType'&gt;::None</msg>
<status status="PASS" starttime="20230728 15:53:28.674" endtime="20230728 15:53:31.707"/>
</kw>
<kw name="Sleep" library="BuiltIn">
<arg>2 Seconds</arg>
<doc>Pauses the test executed for the given time.</doc>
<msg timestamp="20230728 15:53:33.723" level="INFO">Slept 2 seconds</msg>
<status status="PASS" starttime="20230728 15:53:31.707" endtime="20230728 15:53:33.723"/>
</kw>
<kw name="Go To" library="SeleniumLibrary">
<arg>${Purl}</arg>
<doc>Navigates the current browser window to the provided ``url``.</doc>
<msg timestamp="20230728 15:53:33.723" level="INFO">Opening url 'https://demoqa.com/profile'</msg>
<status status="PASS" starttime="20230728 15:53:33.723" endtime="20230728 15:53:35.206"/>
</kw>
<status status="PASS" starttime="20230728 15:53:16.981" endtime="20230728 15:53:35.206"/>
</kw>
<kw name="Sleep" library="BuiltIn">
<arg>2 Seconds</arg>
<doc>Pauses the test executed for the given time.</doc>
<msg timestamp="20230728 15:53:37.221" level="INFO">Slept 2 seconds</msg>
<status status="PASS" starttime="20230728 15:53:35.207" endtime="20230728 15:53:37.221"/>
</kw>
<kw name="Go To" library="SeleniumLibrary">
<arg>${Purl}</arg>
<doc>Navigates the current browser window to the provided ``url``.</doc>
<msg timestamp="20230728 15:53:37.223" level="INFO">Opening url 'https://demoqa.com/profile'</msg>
<status status="PASS" starttime="20230728 15:53:37.222" endtime="20230728 15:53:39.312"/>
</kw>
<kw name="Execute Javascript" library="SeleniumLibrary">
<arg>window.scrollTo(0, document.body.scrollHeight)</arg>
<doc>Executes the given JavaScript code with possible arguments.</doc>
<msg timestamp="20230728 15:53:39.315" level="INFO">Executing JavaScript:
window.scrollTo(0, document.body.scrollHeight)
Without any arguments.</msg>
<status status="PASS" starttime="20230728 15:53:39.313" endtime="20230728 15:53:40.340"/>
</kw>
<kw name="Select From List By Value" library="SeleniumLibrary">
<arg>xpath://select[@aria-label="rows per page"]</arg>
<arg>10</arg>
<doc>Selects options from selection list ``locator`` by ``values``.</doc>
<msg timestamp="20230728 15:53:40.342" level="INFO">Selecting options from selection list 'xpath://select[@aria-label="rows per page"]' by value 10.</msg>
<status status="PASS" starttime="20230728 15:53:40.341" endtime="20230728 15:53:48.564"/>
</kw>
<kw name="Execute Javascript" library="SeleniumLibrary">
<arg>window.scrollTo(0, document.body.scrollHeight)</arg>
<doc>Executes the given JavaScript code with possible arguments.</doc>
<msg timestamp="20230728 15:53:48.566" level="INFO">Executing JavaScript:
window.scrollTo(0, document.body.scrollHeight)
Without any arguments.</msg>
<status status="PASS" starttime="20230728 15:53:48.564" endtime="20230728 15:53:49.589"/>
</kw>
<kw name="Sleep" library="BuiltIn">
<arg>2 Seconds</arg>
<doc>Pauses the test executed for the given time.</doc>
<msg timestamp="20230728 15:53:51.591" level="INFO">Slept 2 seconds</msg>
<status status="PASS" starttime="20230728 15:53:49.591" endtime="20230728 15:53:51.591"/>
</kw>
<kw name="Get Selected List Value" library="SeleniumLibrary">
<var>${DroupdownText}</var>
<arg>xpath://select[@aria-label="rows per page"]</arg>
<doc>Returns the value of selected option from selection list ``locator``.</doc>
<msg timestamp="20230728 15:53:59.770" level="INFO">${DroupdownText} = 10</msg>
<status status="PASS" starttime="20230728 15:53:51.593" endtime="20230728 15:53:59.770"/>
</kw>
<kw name="Get Element Count" library="SeleniumLibrary">
<var>${Count}</var>
<arg>xpath:${BooksLink}</arg>
<doc>Returns the number of elements matching ``locator``.</doc>
<msg timestamp="20230728 15:54:00.794" level="INFO">${Count} = 1</msg>
<status status="PASS" starttime="20230728 15:53:59.771" endtime="20230728 15:54:00.794"/>
</kw>
<kw name="Should Be True" library="BuiltIn">
<arg>${Count}&lt;=${DroupdownText}</arg>
<doc>Fails if the given condition is not true.</doc>
<status status="PASS" starttime="20230728 15:54:00.795" endtime="20230728 15:54:00.796"/>
</kw>
<kw name="Log To Console" library="BuiltIn">
<arg>Verification of droupdown is successful</arg>
<doc>Logs the given message to the console.</doc>
<status status="PASS" starttime="20230728 15:54:00.796" endtime="20230728 15:54:00.797"/>
</kw>
<status status="PASS" starttime="20230728 15:53:13.525" endtime="20230728 15:54:00.797"/>
</test>
<test id="s1-s3-s1-t8" name="Verify The Go To Book Store Button" line="131">
<kw name="Set Selenium Speed" library="SeleniumLibrary">
<arg>1 Seconds</arg>
<doc>Sets the delay that is waited after each Selenium command.</doc>
<status status="PASS" starttime="20230728 15:54:00.800" endtime="20230728 15:54:00.800"/>
</kw>
<kw name="Set Window Size" library="SeleniumLibrary">
<arg>742</arg>
<arg>522</arg>
<doc>Sets current windows size to given ``width`` and ``height``.</doc>
<status status="PASS" starttime="20230728 15:54:00.800" endtime="20230728 15:54:02.038"/>
</kw>
<kw name="Execute Javascript" library="SeleniumLibrary">
<arg>window.scrollTo(0, document.body.scrollHeight)</arg>
<doc>Executes the given JavaScript code with possible arguments.</doc>
<msg timestamp="20230728 15:54:02.041" level="INFO">Executing JavaScript:
window.scrollTo(0, document.body.scrollHeight)
Without any arguments.</msg>
<status status="PASS" starttime="20230728 15:54:02.040" endtime="20230728 15:54:03.063"/>
</kw>
<kw name="Click Element" library="SeleniumLibrary">
<arg>xpath:${GoToStore}</arg>
<doc>Click the element identified by ``locator``.</doc>
<msg timestamp="20230728 15:54:03.064" level="INFO">Clicking element 'xpath://button[@id="gotoStore"]'.</msg>
<status status="PASS" starttime="20230728 15:54:03.063" endtime="20230728 15:54:05.174"/>
</kw>
<kw name="Maximize Browser Window" library="SeleniumLibrary">
<doc>Maximizes current browser window.</doc>
<status status="PASS" starttime="20230728 15:54:05.174" endtime="20230728 15:54:06.315"/>
</kw>
<kw name="Sleep" library="BuiltIn">
<arg>2 Seconds</arg>
<doc>Pauses the test executed for the given time.</doc>
<msg timestamp="20230728 15:54:08.317" level="INFO">Slept 2 seconds</msg>
<status status="PASS" starttime="20230728 15:54:06.316" endtime="20230728 15:54:08.317"/>
</kw>
<kw name="Get Location" library="SeleniumLibrary">
<var>${BookStoreUrl1}</var>
<doc>Returns the current browser window URL.</doc>
<msg timestamp="20230728 15:54:09.341" level="INFO">${BookStoreUrl1} = https://demoqa.com/books</msg>
<status status="PASS" starttime="20230728 15:54:08.319" endtime="20230728 15:54:09.341"/>
</kw>
<kw name="Should Be True" library="BuiltIn">
<arg>'${BookStoreUrl}' == '${BookStoreUrl1}'</arg>
<doc>Fails if the given condition is not true.</doc>
<status status="PASS" starttime="20230728 15:54:09.341" endtime="20230728 15:54:09.342"/>
</kw>
<kw name="Log To Console" library="BuiltIn">
<arg>Verification of Go to book store button is successful</arg>
<doc>Logs the given message to the console.</doc>
<status status="PASS" starttime="20230728 15:54:09.342" endtime="20230728 15:54:09.343"/>
</kw>
<status status="PASS" starttime="20230728 15:54:00.799" endtime="20230728 15:54:09.343"/>
</test>
<test id="s1-s3-s1-t9" name="Verify The Delete All Books Button" line="143">
<kw name="Set Selenium Speed" library="SeleniumLibrary">
<arg>1 Seconds</arg>
<doc>Sets the delay that is waited after each Selenium command.</doc>
<status status="PASS" starttime="20230728 15:54:09.344" endtime="20230728 15:54:09.344"/>
</kw>
<kw name="Go To" library="SeleniumLibrary">
<arg>${Purl}</arg>
<doc>Navigates the current browser window to the provided ``url``.</doc>
<msg timestamp="20230728 15:54:09.345" level="INFO">Opening url 'https://demoqa.com/profile'</msg>
<status status="PASS" starttime="20230728 15:54:09.345" endtime="20230728 15:54:11.443"/>
</kw>
<kw name="Execute Javascript" library="SeleniumLibrary">
<arg>window.scrollTo(0, document.body.scrollHeight)</arg>
<doc>Executes the given JavaScript code with possible arguments.</doc>
<msg timestamp="20230728 15:54:11.446" level="INFO">Executing JavaScript:
window.scrollTo(0, document.body.scrollHeight)
Without any arguments.</msg>
<status status="PASS" starttime="20230728 15:54:11.444" endtime="20230728 15:54:12.475"/>
</kw>
<kw name="Click Element" library="SeleniumLibrary">
<arg>xpath:${DeleteAllBook}</arg>
<doc>Click the element identified by ``locator``.</doc>
<msg timestamp="20230728 15:54:12.477" level="INFO">Clicking element 'xpath://div[@class="text-right button di"]//button'.</msg>
<status status="PASS" starttime="20230728 15:54:12.476" endtime="20230728 15:54:14.550"/>
</kw>
<kw name="Sleep" library="BuiltIn">
<arg>2 Seconds</arg>
<doc>Pauses the test executed for the given time.</doc>
<msg timestamp="20230728 15:54:16.554" level="INFO">Slept 2 seconds</msg>
<status status="PASS" starttime="20230728 15:54:14.551" endtime="20230728 15:54:16.554"/>
</kw>
<kw name="Wait Until Element Is Visible" library="SeleniumLibrary">
<arg>xpath:${DeleteAllBookPop}</arg>
<doc>Waits until the element ``locator`` is visible.</doc>
<status status="PASS" starttime="20230728 15:54:16.554" endtime="20230728 15:54:18.594"/>
</kw>
<kw name="Click Element" library="SeleniumLibrary">
<arg>xpath:${AcceptPopup}</arg>
<doc>Click the element identified by ``locator``.</doc>
<msg timestamp="20230728 15:54:18.596" level="INFO">Clicking element 'xpath://button[@id="closeSmallModal-ok"]'.</msg>
<status status="PASS" starttime="20230728 15:54:18.595" endtime="20230728 15:54:20.672"/>
</kw>
<kw name="Handle Alert" library="SeleniumLibrary">
<doc>Handles the current alert and returns its message.</doc>
<msg timestamp="20230728 15:54:20.673" level="INFO">HANDLE::&lt;class 'NoneType'&gt;::None</msg>
<status status="PASS" starttime="20230728 15:54:20.673" endtime="20230728 15:54:23.696"/>
</kw>
<kw name="Maximize Browser Window" library="SeleniumLibrary">
<doc>Maximizes current browser window.</doc>
<status status="PASS" starttime="20230728 15:54:23.697" endtime="20230728 15:54:24.719"/>
</kw>
<kw name="Page Should Contain" library="SeleniumLibrary">
<arg>${NoRows}</arg>
<doc>Verifies that current page contains ``text``.</doc>
<msg timestamp="20230728 15:54:26.769" level="INFO">Current page contains text 'No rows found'.</msg>
<status status="PASS" starttime="20230728 15:54:24.721" endtime="20230728 15:54:26.769"/>
</kw>
<kw name="Log To Console" library="BuiltIn">
<arg>Verification of delete all the books is successful</arg>
<doc>Logs the given message to the console.</doc>
<status status="PASS" starttime="20230728 15:54:26.770" endtime="20230728 15:54:26.771"/>
</kw>
<status status="PASS" starttime="20230728 15:54:09.344" endtime="20230728 15:54:26.771"/>
</test>
<test id="s1-s3-s1-t10" name="Verify The Delete Account Button" line="157">
<kw name="Set Selenium Speed" library="SeleniumLibrary">
<arg>1 Seconds</arg>
<doc>Sets the delay that is waited after each Selenium command.</doc>
<status status="PASS" starttime="20230728 15:54:26.773" endtime="20230728 15:54:26.774"/>
</kw>
<kw name="Scroll Element Into View" library="SeleniumLibrary">
<arg>xpath:${DeleteAccount}</arg>
<doc>Scrolls the element identified by ``locator`` into view.</doc>
<status status="PASS" starttime="20230728 15:54:26.774" endtime="20230728 15:54:29.096"/>
</kw>
<kw name="Click Element" library="SeleniumLibrary">
<arg>xpath:${DeleteAccount}</arg>
<doc>Click the element identified by ``locator``.</doc>
<msg timestamp="20230728 15:54:29.098" level="INFO">Clicking element 'xpath://button[text()='Delete Account']'.</msg>
<status status="PASS" starttime="20230728 15:54:29.097" endtime="20230728 15:54:31.184"/>
</kw>
<kw name="Sleep" library="BuiltIn">
<arg>2 Seconds</arg>
<doc>Pauses the test executed for the given time.</doc>
<msg timestamp="20230728 15:54:33.192" level="INFO">Slept 2 seconds</msg>
<status status="PASS" starttime="20230728 15:54:31.185" endtime="20230728 15:54:33.192"/>
</kw>
<kw name="Wait Until Element Is Visible" library="SeleniumLibrary">
<arg>xpath:${DeleteAccPopup}</arg>
<doc>Waits until the element ``locator`` is visible.</doc>
<status status="PASS" starttime="20230728 15:54:33.193" endtime="20230728 15:54:35.247"/>
</kw>
<kw name="Click Element" library="SeleniumLibrary">
<arg>xpath:${AcceptPopup}</arg>
<doc>Click the element identified by ``locator``.</doc>
<msg timestamp="20230728 15:54:35.248" level="INFO">Clicking element 'xpath://button[@id="closeSmallModal-ok"]'.</msg>
<status status="PASS" starttime="20230728 15:54:35.248" endtime="20230728 15:54:37.336"/>
</kw>
<kw name="Handle Alert" library="SeleniumLibrary">
<doc>Handles the current alert and returns its message.</doc>
<msg timestamp="20230728 15:54:37.336" level="INFO">HANDLE::&lt;class 'NoneType'&gt;::None</msg>
<status status="PASS" starttime="20230728 15:54:37.336" endtime="20230728 15:54:40.369"/>
</kw>
<kw name="Maximize Browser Window" library="SeleniumLibrary">
<doc>Maximizes current browser window.</doc>
<status status="PASS" starttime="20230728 15:54:40.370" endtime="20230728 15:54:41.395"/>
</kw>
<kw name="Go To" library="SeleniumLibrary">
<arg>${LoginURL}</arg>
<doc>Navigates the current browser window to the provided ``url``.</doc>
<msg timestamp="20230728 15:54:41.396" level="INFO">Opening url 'https://demoqa.com/login'</msg>
<status status="PASS" starttime="20230728 15:54:41.396" endtime="20230728 15:54:42.899"/>
</kw>
<kw name="Execute Javascript" library="SeleniumLibrary">
<arg>window.scrollTo(0, document.body.scrollHeight)</arg>
<doc>Executes the given JavaScript code with possible arguments.</doc>
<msg timestamp="20230728 15:54:42.902" level="INFO">Executing JavaScript:
window.scrollTo(0, document.body.scrollHeight)
Without any arguments.</msg>
<status status="PASS" starttime="20230728 15:54:42.901" endtime="20230728 15:54:43.920"/>
</kw>
<kw name="Input Text" library="SeleniumLibrary">
<arg>Id:${Username}</arg>
<arg>kh1</arg>
<doc>Types the given ``text`` into the text field identified by ``locator``.</doc>
<msg timestamp="20230728 15:54:43.922" level="INFO">Typing text 'kh1' into text field 'Id:userName'.</msg>
<status status="PASS" starttime="20230728 15:54:43.921" endtime="20230728 15:54:47.029"/>
</kw>
<kw name="Input Password" library="SeleniumLibrary">
<arg>Id:${Password}</arg>
<arg>Khushi@1!</arg>
<doc>Types the given password into the text field identified by ``locator``.</doc>
<msg timestamp="20230728 15:54:47.031" level="INFO">Typing password into text field 'Id:password'.</msg>
<msg timestamp="20230728 15:54:49.096" level="INFO">Temporally setting log level to: NONE</msg>
<msg timestamp="20230728 15:54:50.153" level="INFO">Log level changed from NONE to INFO.</msg>
<status status="PASS" starttime="20230728 15:54:47.029" endtime="20230728 15:54:50.153"/>
</kw>
<kw name="Click Element" library="SeleniumLibrary">
<arg>xpath:${LoginButton}</arg>
<doc>Click the element identified by ``locator``.</doc>
<msg timestamp="20230728 15:54:50.155" level="INFO">Clicking element 'xpath://button[@id='login']'.</msg>
<status status="PASS" starttime="20230728 15:54:50.154" endtime="20230728 15:54:52.222"/>
</kw>
<kw name="Sleep" library="BuiltIn">
<arg>2 Seconds</arg>
<doc>Pauses the test executed for the given time.</doc>
<msg timestamp="20230728 15:54:54.230" level="INFO">Slept 2 seconds</msg>
<status status="PASS" starttime="20230728 15:54:52.223" endtime="20230728 15:54:54.230"/>
</kw>
<kw name="Element Should Be Visible" library="SeleniumLibrary">
<arg>xpath:${ErrorMessage}</arg>
<doc>Verifies that the element identified by ``locator`` is visible.</doc>
<msg timestamp="20230728 15:54:56.286" level="INFO">Element 'xpath://p[text()='Invalid username or password!']' is displayed.</msg>
<status status="PASS" starttime="20230728 15:54:54.231" endtime="20230728 15:54:56.286"/>
</kw>
<kw name="Log To Console" library="BuiltIn">
<arg>Verification of delete account is successful</arg>
<doc>Logs the given message to the console.</doc>
<status status="PASS" starttime="20230728 15:54:56.290" endtime="20230728 15:54:56.291"/>
</kw>
<status status="PASS" starttime="20230728 15:54:26.773" endtime="20230728 15:54:56.291"/>
</test>
<kw name="Close the Browser" library="testcase_common_keywords" type="TEARDOWN">
<kw name="Close Browser" library="SeleniumLibrary">
<doc>Closes the current browser.</doc>
<status status="PASS" starttime="20230728 15:54:56.294" endtime="20230728 15:54:59.375"/>
</kw>
<status status="PASS" starttime="20230728 15:54:56.294" endtime="20230728 15:54:59.376"/>
</kw>
<status status="PASS" starttime="20230728 15:50:33.794" endtime="20230728 15:54:59.376"/>
</suite>
<status status="PASS" starttime="20230728 15:50:33.790" endtime="20230728 15:54:59.383"/>
</suite>
<status status="PASS" starttime="20230728 15:43:51.615" endtime="20230728 15:54:59.388"/>
</suite>
<statistics>
<total>
<stat pass="27" fail="0" skip="0">All Tests</stat>
</total>
<tag>
</tag>
<suite>
<stat pass="27" fail="0" skip="0" id="s1" name="AppName">AppName</stat>
<stat pass="11" fail="0" skip="0" id="s1-s1" name="Module BookStore">AppName.Module BookStore</stat>
<stat pass="11" fail="0" skip="0" id="s1-s1-s1" name="Testcase Bookstore">AppName.Module BookStore.Testcase Bookstore</stat>
<stat pass="6" fail="0" skip="0" id="s1-s2" name="Module Login">AppName.Module Login</stat>
<stat pass="6" fail="0" skip="0" id="s1-s2-s1" name="Testcase Login">AppName.Module Login.Testcase Login</stat>
<stat pass="10" fail="0" skip="0" id="s1-s3" name="Module Profile">AppName.Module Profile</stat>
<stat pass="10" fail="0" skip="0" id="s1-s3-s1" name="Testcase Profile">AppName.Module Profile.Testcase Profile</stat>
</suite>
</statistics>
<errors>
</errors>
</robot>
